==========================================
Job started:  Sat 28 Mar 2026 02:31:15 AM EDT
Node:         tri0999
Job ID:       1246499
==========================================
Starting Experiment 1: Accuracy vs Epsilon...
[main] PSCAN started
[main] Project root : /project/def-a2nyi4/nidita/pscan/working
[main] Output dir   : /scratch/nidita/pscan_output

[main] Step 1: Dataset generation
[LFR] Generating lfr_500 ...
[LFR] Generating lfr_1000 ...
[LFR] Generating lfr_2000 ...
Wrote dataset manifest to /scratch/nidita/pscan_output/manifest.json

[Experiment 1] Accuracy vs Epsilon
  LFR sizes : [500, 1000, 2000]
  Epsilons  : [0.2, 0.4, 0.6, 0.8, 1.0]
[main] Similarity: lfr_1000.adjlist
[main] Similarity: lfr_10000.adjlist
[main] Similarity: lfr_160000.adjlist
[main] Similarity: lfr_2000.adjlist
[main] Similarity: lfr_20000.adjlist
[main] Similarity: lfr_40000.adjlist
[main] Similarity: lfr_500.adjlist
[main] Similarity: lfr_5000.adjlist
[main] Similarity: lfr_80000.adjlist

--- eps=0.2 ---
[main] Clustering lfr_1000 (eps=0.2)
[LPSS] Filtered graph saved -> /scratch/nidita/pscan_output/filtered_adjlists/filtered_edge_lfr_1000.sim.tsv
[LPSS] LPCC input saved -> /scratch/nidita/pscan_output/parsed_input/parse_lfr_1000.sim.tsv
[clustering] Running LPCC on /scratch/nidita/pscan_output/parsed_input/parse_lfr_1000.sim.tsv ...
--- Iteration 0 ---
active change: True
--- Iteration 1 ---
active change: True
--- Iteration 2 ---
active change: True
--- Iteration 3 ---
active change: True
--- Iteration 4 ---
active change: True
--- Iteration 5 ---
active change: True
--- Iteration 6 ---
active change: True
--- Iteration 7 ---
active change: True
--- Iteration 8 ---
active change: True
--- Iteration 9 ---
active change: True
--- Iteration 10 ---
active change: True
--- Iteration 11 ---
active change: True
--- Iteration 12 ---
active change: True
--- Iteration 13 ---
active change: True
--- Iteration 14 ---
active change: True
--- Iteration 15 ---
active change: True
--- Iteration 16 ---
active change: True
--- Iteration 17 ---
active change: True
--- Iteration 18 ---
active change: True
--- Iteration 19 ---
active change: True
--- Iteration 20 ---
active change: False
finish lpcc
[clustering] Clusters saved -> /scratch/nidita/pscan_output/clusters/lfr_1000.sim_clusters.csv
[clustering] Total clusters: 9
[main] Clustering lfr_10000 (eps=0.2)
[LPSS] Filtered graph saved -> /scratch/nidita/pscan_output/filtered_adjlists/filtered_edge_lfr_10000.sim.tsv
[LPSS] LPCC input saved -> /scratch/nidita/pscan_output/parsed_input/parse_lfr_10000.sim.tsv
[clustering] Running LPCC on /scratch/nidita/pscan_output/parsed_input/parse_lfr_10000.sim.tsv ...
--- Iteration 0 ---
active change: True
--- Iteration 1 ---
active change: True
--- Iteration 2 ---
active change: True
--- Iteration 3 ---
active change: True
--- Iteration 4 ---
active change: True
--- Iteration 5 ---
active change: True
--- Iteration 6 ---
active change: True
--- Iteration 7 ---
active change: True
--- Iteration 8 ---
active change: False
finish lpcc
[clustering] Clusters saved -> /scratch/nidita/pscan_output/clusters/lfr_10000.sim_clusters.csv
[clustering] Total clusters: 194
[main] Clustering lfr_160000 (eps=0.2)
[LPSS] Filtered graph saved -> /scratch/nidita/pscan_output/filtered_adjlists/filtered_edge_lfr_160000.sim.tsv
[LPSS] LPCC input saved -> /scratch/nidita/pscan_output/parsed_input/parse_lfr_160000.sim.tsv
[clustering] Running LPCC on /scratch/nidita/pscan_output/parsed_input/parse_lfr_160000.sim.tsv ...
--- Iteration 0 ---
active change: True
--- Iteration 1 ---
active change: True
--- Iteration 2 ---
active change: True
--- Iteration 3 ---
active change: True
--- Iteration 4 ---
active change: True
--- Iteration 5 ---
active change: True
--- Iteration 6 ---
active change: True
--- Iteration 7 ---
active change: True
--- Iteration 8 ---
active change: True
--- Iteration 9 ---
active change: True
--- Iteration 10 ---
active change: True
--- Iteration 11 ---
active change: True
--- Iteration 12 ---
active change: True
--- Iteration 13 ---
active change: True
--- Iteration 14 ---
active change: True
--- Iteration 15 ---
active change: False
finish lpcc
[clustering] Clusters saved -> /scratch/nidita/pscan_output/clusters/lfr_160000.sim_clusters.csv
[clustering] Total clusters: 3120
[main] Clustering lfr_2000 (eps=0.2)
[LPSS] Filtered graph saved -> /scratch/nidita/pscan_output/filtered_adjlists/filtered_edge_lfr_2000.sim.tsv
[LPSS] LPCC input saved -> /scratch/nidita/pscan_output/parsed_input/parse_lfr_2000.sim.tsv
[clustering] Running LPCC on /scratch/nidita/pscan_output/parsed_input/parse_lfr_2000.sim.tsv ...
--- Iteration 0 ---
active change: True
--- Iteration 1 ---
active change: True
--- Iteration 2 ---
active change: True
--- Iteration 3 ---
active change: True
--- Iteration 4 ---
active change: True
--- Iteration 5 ---
active change: True
--- Iteration 6 ---
active change: True
--- Iteration 7 ---
active change: True
--- Iteration 8 ---
active change: True
--- Iteration 9 ---
active change: True
--- Iteration 10 ---
active change: True
--- Iteration 11 ---
active change: True
--- Iteration 12 ---
active change: True
--- Iteration 13 ---
active change: True
--- Iteration 14 ---
active change: False
finish lpcc
[clustering] Clusters saved -> /scratch/nidita/pscan_output/clusters/lfr_2000.sim_clusters.csv
[clustering] Total clusters: 26
[main] Clustering lfr_20000 (eps=0.2)
[LPSS] Filtered graph saved -> /scratch/nidita/pscan_output/filtered_adjlists/filtered_edge_lfr_20000.sim.tsv
[LPSS] LPCC input saved -> /scratch/nidita/pscan_output/parsed_input/parse_lfr_20000.sim.tsv
[clustering] Running LPCC on /scratch/nidita/pscan_output/parsed_input/parse_lfr_20000.sim.tsv ...
--- Iteration 0 ---
active change: True
--- Iteration 1 ---
active change: True
--- Iteration 2 ---
active change: True
--- Iteration 3 ---
active change: True
--- Iteration 4 ---
active change: True
--- Iteration 5 ---
active change: True
--- Iteration 6 ---
active change: True
--- Iteration 7 ---
active change: True
--- Iteration 8 ---
active change: True
--- Iteration 9 ---
active change: True
--- Iteration 10 ---
active change: False
finish lpcc
[clustering] Clusters saved -> /scratch/nidita/pscan_output/clusters/lfr_20000.sim_clusters.csv
[clustering] Total clusters: 374
[main] Clustering lfr_40000 (eps=0.2)
[LPSS] Filtered graph saved -> /scratch/nidita/pscan_output/filtered_adjlists/filtered_edge_lfr_40000.sim.tsv
[LPSS] LPCC input saved -> /scratch/nidita/pscan_output/parsed_input/parse_lfr_40000.sim.tsv
[clustering] Running LPCC on /scratch/nidita/pscan_output/parsed_input/parse_lfr_40000.sim.tsv ...
--- Iteration 0 ---
active change: True
--- Iteration 1 ---
active change: True
--- Iteration 2 ---
active change: True
--- Iteration 3 ---
active change: True
--- Iteration 4 ---
active change: True
--- Iteration 5 ---
active change: True
--- Iteration 6 ---
active change: True
--- Iteration 7 ---
active change: True
--- Iteration 8 ---
active change: True
--- Iteration 9 ---
active change: True
--- Iteration 10 ---
active change: True
--- Iteration 11 ---
active change: True
--- Iteration 12 ---
active change: True
--- Iteration 13 ---
active change: True
--- Iteration 14 ---
active change: True
--- Iteration 15 ---
active change: True
--- Iteration 16 ---
active change: True
--- Iteration 17 ---
active change: True
--- Iteration 18 ---
active change: False
finish lpcc
[clustering] Clusters saved -> /scratch/nidita/pscan_output/clusters/lfr_40000.sim_clusters.csv
[clustering] Total clusters: 779
[main] Clustering lfr_500 (eps=0.2)
[LPSS] Filtered graph saved -> /scratch/nidita/pscan_output/filtered_adjlists/filtered_edge_lfr_500.sim.tsv
[LPSS] LPCC input saved -> /scratch/nidita/pscan_output/parsed_input/parse_lfr_500.sim.tsv
[clustering] Running LPCC on /scratch/nidita/pscan_output/parsed_input/parse_lfr_500.sim.tsv ...
--- Iteration 0 ---
active change: True
--- Iteration 1 ---
active change: True
--- Iteration 2 ---
active change: True
--- Iteration 3 ---
active change: True
--- Iteration 4 ---
active change: True
--- Iteration 5 ---
active change: True
--- Iteration 6 ---
active change: True
--- Iteration 7 ---
active change: True
--- Iteration 8 ---
active change: True
--- Iteration 9 ---
active change: False
finish lpcc
[clustering] Clusters saved -> /scratch/nidita/pscan_output/clusters/lfr_500.sim_clusters.csv
[clustering] Total clusters: 3
[main] Clustering lfr_5000 (eps=0.2)
[LPSS] Filtered graph saved -> /scratch/nidita/pscan_output/filtered_adjlists/filtered_edge_lfr_5000.sim.tsv
[LPSS] LPCC input saved -> /scratch/nidita/pscan_output/parsed_input/parse_lfr_5000.sim.tsv
[clustering] Running LPCC on /scratch/nidita/pscan_output/parsed_input/parse_lfr_5000.sim.tsv ...
--- Iteration 0 ---
active change: True
--- Iteration 1 ---
active change: True
--- Iteration 2 ---
active change: True
--- Iteration 3 ---
active change: True
--- Iteration 4 ---
active change: True
--- Iteration 5 ---
active change: True
--- Iteration 6 ---
active change: True
--- Iteration 7 ---
active change: True
--- Iteration 8 ---
active change: True
--- Iteration 9 ---
active change: True
--- Iteration 10 ---
active change: True
--- Iteration 11 ---
active change: True
--- Iteration 12 ---
active change: True
--- Iteration 13 ---
active change: True
--- Iteration 14 ---
active change: True
--- Iteration 15 ---
active change: True
--- Iteration 16 ---
active change: False
finish lpcc
[clustering] Clusters saved -> /scratch/nidita/pscan_output/clusters/lfr_5000.sim_clusters.csv
[clustering] Total clusters: 78
[main] Clustering lfr_80000 (eps=0.2)
[LPSS] Filtered graph saved -> /scratch/nidita/pscan_output/filtered_adjlists/filtered_edge_lfr_80000.sim.tsv
[LPSS] LPCC input saved -> /scratch/nidita/pscan_output/parsed_input/parse_lfr_80000.sim.tsv
[clustering] Running LPCC on /scratch/nidita/pscan_output/parsed_input/parse_lfr_80000.sim.tsv ...
--- Iteration 0 ---
active change: True
--- Iteration 1 ---
active change: True
--- Iteration 2 ---
active change: True
--- Iteration 3 ---
active change: True
--- Iteration 4 ---
active change: True
--- Iteration 5 ---
active change: True
--- Iteration 6 ---
active change: True
--- Iteration 7 ---
active change: True
--- Iteration 8 ---
active change: True
--- Iteration 9 ---
active change: True
--- Iteration 10 ---
active change: True
--- Iteration 11 ---
active change: True
--- Iteration 12 ---
active change: True
--- Iteration 13 ---
active change: True
--- Iteration 14 ---
active change: True
--- Iteration 15 ---
active change: False
finish lpcc
[clustering] Clusters saved -> /scratch/nidita/pscan_output/clusters/lfr_80000.sim_clusters.csv
[clustering] Total clusters: 1524
[evaluate] Ground truth nodes : 1000
[evaluate] Predicted nodes    : 998
[evaluate] Matched nodes      : 998
[evaluate] NOTE: 2 nodes had no prediction (pruned by epsilon) — evaluating on matched nodes only

[Evaluation Results]
ARI: 0.1389
NMI: 0.6135
[evaluate] Ground truth nodes : 10000
[evaluate] Predicted nodes    : 9999
[evaluate] Matched nodes      : 9999
[evaluate] NOTE: 1 nodes had no prediction (pruned by epsilon) — evaluating on matched nodes only

[Evaluation Results]
ARI: 0.8821
NMI: 0.9823
[evaluate] Ground truth nodes : 160000
[evaluate] Predicted nodes    : 159973
[evaluate] Matched nodes      : 159973
[evaluate] NOTE: 27 nodes had no prediction (pruned by epsilon) — evaluating on matched nodes only

[Evaluation Results]
ARI: 0.8396
NMI: 0.9868
[evaluate] Ground truth nodes : 2000
[evaluate] Predicted nodes    : 2000
[evaluate] Matched nodes      : 2000

[Evaluation Results]
ARI: 0.4893
NMI: 0.8684
[evaluate] Ground truth nodes : 20000
[evaluate] Predicted nodes    : 19998
[evaluate] Matched nodes      : 19998
[evaluate] NOTE: 2 nodes had no prediction (pruned by epsilon) — evaluating on matched nodes only

[Evaluation Results]
ARI: 0.8478
NMI: 0.9803
[evaluate] Ground truth nodes : 40000
[evaluate] Predicted nodes    : 39990
[evaluate] Matched nodes      : 39990
[evaluate] NOTE: 10 nodes had no prediction (pruned by epsilon) — evaluating on matched nodes only

[Evaluation Results]
ARI: 0.8316
NMI: 0.9828
[evaluate] Ground truth nodes : 500
[evaluate] Predicted nodes    : 500
[evaluate] Matched nodes      : 500

[Evaluation Results]
ARI: 0.0635
NMI: 0.3177
[evaluate] Ground truth nodes : 5000
[evaluate] Predicted nodes    : 5000
[evaluate] Matched nodes      : 5000

[Evaluation Results]
ARI: 0.5407
NMI: 0.9310
[evaluate] Ground truth nodes : 80000
[evaluate] Predicted nodes    : 79983
[evaluate] Matched nodes      : 79983
[evaluate] NOTE: 17 nodes had no prediction (pruned by epsilon) — evaluating on matched nodes only

[Evaluation Results]
ARI: 0.8369
NMI: 0.9848

--- eps=0.4 ---
[main] Clustering lfr_1000 (eps=0.4)
[LPSS] Filtered graph saved -> /scratch/nidita/pscan_output/filtered_adjlists/filtered_edge_lfr_1000.sim.tsv
[LPSS] LPCC input saved -> /scratch/nidita/pscan_output/parsed_input/parse_lfr_1000.sim.tsv
[clustering] Running LPCC on /scratch/nidita/pscan_output/parsed_input/parse_lfr_1000.sim.tsv ...
--- Iteration 0 ---
active change: True
--- Iteration 1 ---
active change: True
--- Iteration 2 ---
active change: True
--- Iteration 3 ---
active change: True
--- Iteration 4 ---
active change: True
--- Iteration 5 ---
active change: True
--- Iteration 6 ---
active change: True
--- Iteration 7 ---
active change: True
--- Iteration 8 ---
active change: False
finish lpcc
[clustering] Clusters saved -> /scratch/nidita/pscan_output/clusters/lfr_1000.sim_clusters.csv
[clustering] Total clusters: 44
[main] Clustering lfr_10000 (eps=0.4)
[LPSS] Filtered graph saved -> /scratch/nidita/pscan_output/filtered_adjlists/filtered_edge_lfr_10000.sim.tsv
[LPSS] LPCC input saved -> /scratch/nidita/pscan_output/parsed_input/parse_lfr_10000.sim.tsv
[clustering] Running LPCC on /scratch/nidita/pscan_output/parsed_input/parse_lfr_10000.sim.tsv ...
--- Iteration 0 ---
active change: True
--- Iteration 1 ---
active change: True
--- Iteration 2 ---
active change: True
--- Iteration 3 ---
active change: True
--- Iteration 4 ---
active change: True
--- Iteration 5 ---
active change: True
--- Iteration 6 ---
active change: True
--- Iteration 7 ---
active change: True
--- Iteration 8 ---
active change: True
--- Iteration 9 ---
active change: True
--- Iteration 10 ---
active change: False
finish lpcc
[clustering] Clusters saved -> /scratch/nidita/pscan_output/clusters/lfr_10000.sim_clusters.csv
[clustering] Total clusters: 347
[main] Clustering lfr_160000 (eps=0.4)
[LPSS] Filtered graph saved -> /scratch/nidita/pscan_output/filtered_adjlists/filtered_edge_lfr_160000.sim.tsv
[LPSS] LPCC input saved -> /scratch/nidita/pscan_output/parsed_input/parse_lfr_160000.sim.tsv
[clustering] Running LPCC on /scratch/nidita/pscan_output/parsed_input/parse_lfr_160000.sim.tsv ...
--- Iteration 0 ---
active change: True
--- Iteration 1 ---
active change: True
--- Iteration 2 ---
active change: True
--- Iteration 3 ---
active change: True
--- Iteration 4 ---
active change: True
--- Iteration 5 ---
active change: True
--- Iteration 6 ---
active change: True
--- Iteration 7 ---
active change: True
--- Iteration 8 ---
active change: True
--- Iteration 9 ---
active change: True
--- Iteration 10 ---
active change: True
--- Iteration 11 ---
active change: True
--- Iteration 12 ---
active change: False
finish lpcc
[clustering] Clusters saved -> /scratch/nidita/pscan_output/clusters/lfr_160000.sim_clusters.csv
[clustering] Total clusters: 6262
[main] Clustering lfr_2000 (eps=0.4)
[LPSS] Filtered graph saved -> /scratch/nidita/pscan_output/filtered_adjlists/filtered_edge_lfr_2000.sim.tsv
[LPSS] LPCC input saved -> /scratch/nidita/pscan_output/parsed_input/parse_lfr_2000.sim.tsv
[clustering] Running LPCC on /scratch/nidita/pscan_output/parsed_input/parse_lfr_2000.sim.tsv ...
--- Iteration 0 ---
active change: True
--- Iteration 1 ---
active change: True
--- Iteration 2 ---
active change: True
--- Iteration 3 ---
active change: True
--- Iteration 4 ---
active change: True
--- Iteration 5 ---
active change: True
--- Iteration 6 ---
active change: True
--- Iteration 7 ---
active change: False
finish lpcc
[clustering] Clusters saved -> /scratch/nidita/pscan_output/clusters/lfr_2000.sim_clusters.csv
[clustering] Total clusters: 77
[main] Clustering lfr_20000 (eps=0.4)
[LPSS] Filtered graph saved -> /scratch/nidita/pscan_output/filtered_adjlists/filtered_edge_lfr_20000.sim.tsv
[LPSS] LPCC input saved -> /scratch/nidita/pscan_output/parsed_input/parse_lfr_20000.sim.tsv
[clustering] Running LPCC on /scratch/nidita/pscan_output/parsed_input/parse_lfr_20000.sim.tsv ...
--- Iteration 0 ---
active change: True
--- Iteration 1 ---
active change: True
--- Iteration 2 ---
active change: True
--- Iteration 3 ---
active change: True
--- Iteration 4 ---
active change: True
--- Iteration 5 ---
active change: True
--- Iteration 6 ---
active change: True
--- Iteration 7 ---
active change: True
--- Iteration 8 ---
active change: True
--- Iteration 9 ---
active change: True
--- Iteration 10 ---
active change: False
finish lpcc
[clustering] Clusters saved -> /scratch/nidita/pscan_output/clusters/lfr_20000.sim_clusters.csv
[clustering] Total clusters: 835
[main] Clustering lfr_40000 (eps=0.4)
[LPSS] Filtered graph saved -> /scratch/nidita/pscan_output/filtered_adjlists/filtered_edge_lfr_40000.sim.tsv
[LPSS] LPCC input saved -> /scratch/nidita/pscan_output/parsed_input/parse_lfr_40000.sim.tsv
[clustering] Running LPCC on /scratch/nidita/pscan_output/parsed_input/parse_lfr_40000.sim.tsv ...
--- Iteration 0 ---
active change: True
--- Iteration 1 ---
active change: True
--- Iteration 2 ---
active change: True
--- Iteration 3 ---
active change: True
--- Iteration 4 ---
active change: True
--- Iteration 5 ---
active change: True
--- Iteration 6 ---
active change: True
--- Iteration 7 ---
active change: True
--- Iteration 8 ---
active change: True
--- Iteration 9 ---
active change: True
--- Iteration 10 ---
active change: True
--- Iteration 11 ---
active change: True
--- Iteration 12 ---
active change: True
--- Iteration 13 ---
active change: False
finish lpcc
[clustering] Clusters saved -> /scratch/nidita/pscan_output/clusters/lfr_40000.sim_clusters.csv
[clustering] Total clusters: 1520
[main] Clustering lfr_500 (eps=0.4)
[LPSS] Filtered graph saved -> /scratch/nidita/pscan_output/filtered_adjlists/filtered_edge_lfr_500.sim.tsv
[LPSS] LPCC input saved -> /scratch/nidita/pscan_output/parsed_input/parse_lfr_500.sim.tsv
[clustering] Running LPCC on /scratch/nidita/pscan_output/parsed_input/parse_lfr_500.sim.tsv ...
--- Iteration 0 ---
active change: True
--- Iteration 1 ---
active change: True
--- Iteration 2 ---
active change: True
--- Iteration 3 ---
active change: True
--- Iteration 4 ---
active change: True
--- Iteration 5 ---
active change: True
--- Iteration 6 ---
active change: False
finish lpcc
[clustering] Clusters saved -> /scratch/nidita/pscan_output/clusters/lfr_500.sim_clusters.csv
[clustering] Total clusters: 16
[main] Clustering lfr_5000 (eps=0.4)
[LPSS] Filtered graph saved -> /scratch/nidita/pscan_output/filtered_adjlists/filtered_edge_lfr_5000.sim.tsv
[LPSS] LPCC input saved -> /scratch/nidita/pscan_output/parsed_input/parse_lfr_5000.sim.tsv
[clustering] Running LPCC on /scratch/nidita/pscan_output/parsed_input/parse_lfr_5000.sim.tsv ...
--- Iteration 0 ---
active change: True
--- Iteration 1 ---
active change: True
--- Iteration 2 ---
active change: True
--- Iteration 3 ---
active change: True
--- Iteration 4 ---
active change: True
--- Iteration 5 ---
active change: True
--- Iteration 6 ---
active change: True
--- Iteration 7 ---
active change: True
--- Iteration 8 ---
active change: True
--- Iteration 9 ---
active change: False
finish lpcc
[clustering] Clusters saved -> /scratch/nidita/pscan_output/clusters/lfr_5000.sim_clusters.csv
[clustering] Total clusters: 195
[main] Clustering lfr_80000 (eps=0.4)
[LPSS] Filtered graph saved -> /scratch/nidita/pscan_output/filtered_adjlists/filtered_edge_lfr_80000.sim.tsv
[LPSS] LPCC input saved -> /scratch/nidita/pscan_output/parsed_input/parse_lfr_80000.sim.tsv
[clustering] Running LPCC on /scratch/nidita/pscan_output/parsed_input/parse_lfr_80000.sim.tsv ...
--- Iteration 0 ---
active change: True
--- Iteration 1 ---
active change: True
--- Iteration 2 ---
active change: True
--- Iteration 3 ---
active change: True
--- Iteration 4 ---
active change: True
--- Iteration 5 ---
active change: True
--- Iteration 6 ---
active change: True
--- Iteration 7 ---
active change: True
--- Iteration 8 ---
active change: True
--- Iteration 9 ---
active change: True
--- Iteration 10 ---
active change: True
--- Iteration 11 ---
active change: True
--- Iteration 12 ---
active change: True
--- Iteration 13 ---
active change: True
--- Iteration 14 ---
active change: True
--- Iteration 15 ---
active change: False
finish lpcc
[clustering] Clusters saved -> /scratch/nidita/pscan_output/clusters/lfr_80000.sim_clusters.csv
[clustering] Total clusters: 3272
[evaluate] Ground truth nodes : 1000
[evaluate] Predicted nodes    : 763
[evaluate] Matched nodes      : 763
[evaluate] NOTE: 237 nodes had no prediction (pruned by epsilon) — evaluating on matched nodes only

[Evaluation Results]
ARI: 0.9148
NMI: 0.9518
[evaluate] Ground truth nodes : 10000
[evaluate] Predicted nodes    : 8564
[evaluate] Matched nodes      : 8564
[evaluate] NOTE: 1436 nodes had no prediction (pruned by epsilon) — evaluating on matched nodes only

[Evaluation Results]
ARI: 0.9662
NMI: 0.9878
[evaluate] Ground truth nodes : 160000
[evaluate] Predicted nodes    : 133536
[evaluate] Matched nodes      : 133536
[evaluate] NOTE: 26464 nodes had no prediction (pruned by epsilon) — evaluating on matched nodes only

[Evaluation Results]
ARI: 0.9533
NMI: 0.9892
[evaluate] Ground truth nodes : 2000
[evaluate] Predicted nodes    : 1742
[evaluate] Matched nodes      : 1742
[evaluate] NOTE: 258 nodes had no prediction (pruned by epsilon) — evaluating on matched nodes only

[Evaluation Results]
ARI: 0.9633
NMI: 0.9821
[evaluate] Ground truth nodes : 20000
[evaluate] Predicted nodes    : 16489
[evaluate] Matched nodes      : 16489
[evaluate] NOTE: 3511 nodes had no prediction (pruned by epsilon) — evaluating on matched nodes only

[Evaluation Results]
ARI: 0.9460
NMI: 0.9830
[evaluate] Ground truth nodes : 40000
[evaluate] Predicted nodes    : 33454
[evaluate] Matched nodes      : 33454
[evaluate] NOTE: 6546 nodes had no prediction (pruned by epsilon) — evaluating on matched nodes only

[Evaluation Results]
ARI: 0.9594
NMI: 0.9883
[evaluate] Ground truth nodes : 500
[evaluate] Predicted nodes    : 444
[evaluate] Matched nodes      : 444
[evaluate] NOTE: 56 nodes had no prediction (pruned by epsilon) — evaluating on matched nodes only

[Evaluation Results]
ARI: 0.9663
NMI: 0.9789
[evaluate] Ground truth nodes : 5000
[evaluate] Predicted nodes    : 4072
[evaluate] Matched nodes      : 4072
[evaluate] NOTE: 928 nodes had no prediction (pruned by epsilon) — evaluating on matched nodes only

[Evaluation Results]
ARI: 0.9522
NMI: 0.9809
[evaluate] Ground truth nodes : 80000
[evaluate] Predicted nodes    : 65851
[evaluate] Matched nodes      : 65851
[evaluate] NOTE: 14149 nodes had no prediction (pruned by epsilon) — evaluating on matched nodes only

[Evaluation Results]
ARI: 0.9484
NMI: 0.9867

--- eps=0.6 ---
[main] Clustering lfr_1000 (eps=0.6)
[LPSS] Filtered graph saved -> /scratch/nidita/pscan_output/filtered_adjlists/filtered_edge_lfr_1000.sim.tsv
[LPSS] LPCC input saved -> /scratch/nidita/pscan_output/parsed_input/parse_lfr_1000.sim.tsv
[clustering] Running LPCC on /scratch/nidita/pscan_output/parsed_input/parse_lfr_1000.sim.tsv ...
--- Iteration 0 ---
active change: True
--- Iteration 1 ---
active change: True
--- Iteration 2 ---
active change: True
--- Iteration 3 ---
active change: True
--- Iteration 4 ---
active change: True
--- Iteration 5 ---
active change: False
finish lpcc
[clustering] Clusters saved -> /scratch/nidita/pscan_output/clusters/lfr_1000.sim_clusters.csv
[clustering] Total clusters: 30
[main] Clustering lfr_10000 (eps=0.6)
[LPSS] Filtered graph saved -> /scratch/nidita/pscan_output/filtered_adjlists/filtered_edge_lfr_10000.sim.tsv
[LPSS] LPCC input saved -> /scratch/nidita/pscan_output/parsed_input/parse_lfr_10000.sim.tsv
[clustering] Running LPCC on /scratch/nidita/pscan_output/parsed_input/parse_lfr_10000.sim.tsv ...
--- Iteration 0 ---
active change: True
--- Iteration 1 ---
active change: True
--- Iteration 2 ---
active change: True
--- Iteration 3 ---
active change: True
--- Iteration 4 ---
active change: True
--- Iteration 5 ---
active change: True
--- Iteration 6 ---
active change: False
finish lpcc
[clustering] Clusters saved -> /scratch/nidita/pscan_output/clusters/lfr_10000.sim_clusters.csv
[clustering] Total clusters: 359
[main] Clustering lfr_160000 (eps=0.6)
[LPSS] Filtered graph saved -> /scratch/nidita/pscan_output/filtered_adjlists/filtered_edge_lfr_160000.sim.tsv
[LPSS] LPCC input saved -> /scratch/nidita/pscan_output/parsed_input/parse_lfr_160000.sim.tsv
[clustering] Running LPCC on /scratch/nidita/pscan_output/parsed_input/parse_lfr_160000.sim.tsv ...
--- Iteration 0 ---
active change: True
--- Iteration 1 ---
active change: True
--- Iteration 2 ---
active change: True
--- Iteration 3 ---
active change: True
--- Iteration 4 ---
active change: True
--- Iteration 5 ---
active change: True
--- Iteration 6 ---
active change: True
--- Iteration 7 ---
active change: True
--- Iteration 8 ---
active change: True
--- Iteration 9 ---
active change: False
finish lpcc
[clustering] Clusters saved -> /scratch/nidita/pscan_output/clusters/lfr_160000.sim_clusters.csv
[clustering] Total clusters: 5312
[main] Clustering lfr_2000 (eps=0.6)
[LPSS] Filtered graph saved -> /scratch/nidita/pscan_output/filtered_adjlists/filtered_edge_lfr_2000.sim.tsv
[LPSS] LPCC input saved -> /scratch/nidita/pscan_output/parsed_input/parse_lfr_2000.sim.tsv
[clustering] Running LPCC on /scratch/nidita/pscan_output/parsed_input/parse_lfr_2000.sim.tsv ...
--- Iteration 0 ---
active change: True
--- Iteration 1 ---
active change: True
--- Iteration 2 ---
active change: True
--- Iteration 3 ---
active change: True
--- Iteration 4 ---
active change: True
--- Iteration 5 ---
active change: True
--- Iteration 6 ---
active change: False
finish lpcc
[clustering] Clusters saved -> /scratch/nidita/pscan_output/clusters/lfr_2000.sim_clusters.csv
[clustering] Total clusters: 74
[main] Clustering lfr_20000 (eps=0.6)
[LPSS] Filtered graph saved -> /scratch/nidita/pscan_output/filtered_adjlists/filtered_edge_lfr_20000.sim.tsv
[LPSS] LPCC input saved -> /scratch/nidita/pscan_output/parsed_input/parse_lfr_20000.sim.tsv
[clustering] Running LPCC on /scratch/nidita/pscan_output/parsed_input/parse_lfr_20000.sim.tsv ...
--- Iteration 0 ---
active change: True
--- Iteration 1 ---
active change: True
--- Iteration 2 ---
active change: True
--- Iteration 3 ---
active change: True
--- Iteration 4 ---
active change: True
--- Iteration 5 ---
active change: True
--- Iteration 6 ---
active change: False
finish lpcc
[clustering] Clusters saved -> /scratch/nidita/pscan_output/clusters/lfr_20000.sim_clusters.csv
[clustering] Total clusters: 658
[main] Clustering lfr_40000 (eps=0.6)
[LPSS] Filtered graph saved -> /scratch/nidita/pscan_output/filtered_adjlists/filtered_edge_lfr_40000.sim.tsv
[LPSS] LPCC input saved -> /scratch/nidita/pscan_output/parsed_input/parse_lfr_40000.sim.tsv
[clustering] Running LPCC on /scratch/nidita/pscan_output/parsed_input/parse_lfr_40000.sim.tsv ...
--- Iteration 0 ---
active change: True
--- Iteration 1 ---
active change: True
--- Iteration 2 ---
active change: True
--- Iteration 3 ---
active change: True
--- Iteration 4 ---
active change: True
--- Iteration 5 ---
active change: True
--- Iteration 6 ---
active change: True
--- Iteration 7 ---
active change: False
finish lpcc
[clustering] Clusters saved -> /scratch/nidita/pscan_output/clusters/lfr_40000.sim_clusters.csv
[clustering] Total clusters: 1331
[main] Clustering lfr_500 (eps=0.6)
[LPSS] Filtered graph saved -> /scratch/nidita/pscan_output/filtered_adjlists/filtered_edge_lfr_500.sim.tsv
[LPSS] LPCC input saved -> /scratch/nidita/pscan_output/parsed_input/parse_lfr_500.sim.tsv
[clustering] Running LPCC on /scratch/nidita/pscan_output/parsed_input/parse_lfr_500.sim.tsv ...
--- Iteration 0 ---
active change: True
--- Iteration 1 ---
active change: True
--- Iteration 2 ---
active change: True
--- Iteration 3 ---
active change: False
finish lpcc
[clustering] Clusters saved -> /scratch/nidita/pscan_output/clusters/lfr_500.sim_clusters.csv
[clustering] Total clusters: 20
[main] Clustering lfr_5000 (eps=0.6)
[LPSS] Filtered graph saved -> /scratch/nidita/pscan_output/filtered_adjlists/filtered_edge_lfr_5000.sim.tsv
[LPSS] LPCC input saved -> /scratch/nidita/pscan_output/parsed_input/parse_lfr_5000.sim.tsv
[clustering] Running LPCC on /scratch/nidita/pscan_output/parsed_input/parse_lfr_5000.sim.tsv ...
--- Iteration 0 ---
active change: True
--- Iteration 1 ---
active change: True
--- Iteration 2 ---
active change: True
--- Iteration 3 ---
active change: True
--- Iteration 4 ---
active change: True
--- Iteration 5 ---
active change: False
finish lpcc
[clustering] Clusters saved -> /scratch/nidita/pscan_output/clusters/lfr_5000.sim_clusters.csv
[clustering] Total clusters: 134
[main] Clustering lfr_80000 (eps=0.6)
[LPSS] Filtered graph saved -> /scratch/nidita/pscan_output/filtered_adjlists/filtered_edge_lfr_80000.sim.tsv
[LPSS] LPCC input saved -> /scratch/nidita/pscan_output/parsed_input/parse_lfr_80000.sim.tsv
[clustering] Running LPCC on /scratch/nidita/pscan_output/parsed_input/parse_lfr_80000.sim.tsv ...
--- Iteration 0 ---
active change: True
--- Iteration 1 ---
active change: True
--- Iteration 2 ---
active change: True
--- Iteration 3 ---
active change: True
--- Iteration 4 ---
active change: True
--- Iteration 5 ---
active change: True
--- Iteration 6 ---
active change: True
--- Iteration 7 ---
active change: True
--- Iteration 8 ---
active change: False
finish lpcc
[clustering] Clusters saved -> /scratch/nidita/pscan_output/clusters/lfr_80000.sim_clusters.csv
[clustering] Total clusters: 2581
[evaluate] Ground truth nodes : 1000
[evaluate] Predicted nodes    : 179
[evaluate] Matched nodes      : 179
[evaluate] NOTE: 821 nodes had no prediction (pruned by epsilon) — evaluating on matched nodes only

[Evaluation Results]
ARI: 0.8774
NMI: 0.9335
[evaluate] Ground truth nodes : 10000
[evaluate] Predicted nodes    : 1992
[evaluate] Matched nodes      : 1992
[evaluate] NOTE: 8008 nodes had no prediction (pruned by epsilon) — evaluating on matched nodes only

[Evaluation Results]
ARI: 0.8547
NMI: 0.9607
[evaluate] Ground truth nodes : 160000
[evaluate] Predicted nodes    : 34040
[evaluate] Matched nodes      : 34040
[evaluate] NOTE: 125960 nodes had no prediction (pruned by epsilon) — evaluating on matched nodes only

[Evaluation Results]
ARI: 0.8974
NMI: 0.9793
[evaluate] Ground truth nodes : 2000
[evaluate] Predicted nodes    : 496
[evaluate] Matched nodes      : 496
[evaluate] NOTE: 1504 nodes had no prediction (pruned by epsilon) — evaluating on matched nodes only

[Evaluation Results]
ARI: 0.9254
NMI: 0.9652
[evaluate] Ground truth nodes : 20000
[evaluate] Predicted nodes    : 4153
[evaluate] Matched nodes      : 4153
[evaluate] NOTE: 15847 nodes had no prediction (pruned by epsilon) — evaluating on matched nodes only

[Evaluation Results]
ARI: 0.8996
NMI: 0.9720
[evaluate] Ground truth nodes : 40000
[evaluate] Predicted nodes    : 8508
[evaluate] Matched nodes      : 8508
[evaluate] NOTE: 31492 nodes had no prediction (pruned by epsilon) — evaluating on matched nodes only

[Evaluation Results]
ARI: 0.8915
NMI: 0.9748
[evaluate] Ground truth nodes : 500
[evaluate] Predicted nodes    : 70
[evaluate] Matched nodes      : 70
[evaluate] NOTE: 430 nodes had no prediction (pruned by epsilon) — evaluating on matched nodes only

[Evaluation Results]
ARI: 0.6924
NMI: 0.8867
[evaluate] Ground truth nodes : 5000
[evaluate] Predicted nodes    : 994
[evaluate] Matched nodes      : 994
[evaluate] NOTE: 4006 nodes had no prediction (pruned by epsilon) — evaluating on matched nodes only

[Evaluation Results]
ARI: 0.9329
NMI: 0.9737
[evaluate] Ground truth nodes : 80000
[evaluate] Predicted nodes    : 16228
[evaluate] Matched nodes      : 16228
[evaluate] NOTE: 63772 nodes had no prediction (pruned by epsilon) — evaluating on matched nodes only

[Evaluation Results]
ARI: 0.8961
NMI: 0.9769

--- eps=0.8 ---
[main] Clustering lfr_1000 (eps=0.8)
[LPSS] Filtered graph saved -> /scratch/nidita/pscan_output/filtered_adjlists/filtered_edge_lfr_1000.sim.tsv
[LPSS] LPCC input saved -> /scratch/nidita/pscan_output/parsed_input/parse_lfr_1000.sim.tsv
[clustering] Running LPCC on /scratch/nidita/pscan_output/parsed_input/parse_lfr_1000.sim.tsv ...
--- Iteration 0 ---
active change: True
--- Iteration 1 ---
active change: False
finish lpcc
[clustering] Clusters saved -> /scratch/nidita/pscan_output/clusters/lfr_1000.sim_clusters.csv
[clustering] Total clusters: 1
[main] Clustering lfr_10000 (eps=0.8)
[LPSS] Filtered graph saved -> /scratch/nidita/pscan_output/filtered_adjlists/filtered_edge_lfr_10000.sim.tsv
[LPSS] LPCC input saved -> /scratch/nidita/pscan_output/parsed_input/parse_lfr_10000.sim.tsv
[clustering] Running LPCC on /scratch/nidita/pscan_output/parsed_input/parse_lfr_10000.sim.tsv ...
--- Iteration 0 ---
active change: True
--- Iteration 1 ---
active change: False
finish lpcc
[clustering] Clusters saved -> /scratch/nidita/pscan_output/clusters/lfr_10000.sim_clusters.csv
[clustering] Total clusters: 15
[main] Clustering lfr_160000 (eps=0.8)
[LPSS] Filtered graph saved -> /scratch/nidita/pscan_output/filtered_adjlists/filtered_edge_lfr_160000.sim.tsv
[LPSS] LPCC input saved -> /scratch/nidita/pscan_output/parsed_input/parse_lfr_160000.sim.tsv
[clustering] Running LPCC on /scratch/nidita/pscan_output/parsed_input/parse_lfr_160000.sim.tsv ...
--- Iteration 0 ---
active change: True
--- Iteration 1 ---
active change: True
--- Iteration 2 ---
active change: True
--- Iteration 3 ---
active change: True
--- Iteration 4 ---
active change: False
finish lpcc
[clustering] Clusters saved -> /scratch/nidita/pscan_output/clusters/lfr_160000.sim_clusters.csv
[clustering] Total clusters: 350
[main] Clustering lfr_2000 (eps=0.8)
[LPSS] Filtered graph saved -> /scratch/nidita/pscan_output/filtered_adjlists/filtered_edge_lfr_2000.sim.tsv
[LPSS] LPCC input saved -> /scratch/nidita/pscan_output/parsed_input/parse_lfr_2000.sim.tsv
[clustering] Running LPCC on /scratch/nidita/pscan_output/parsed_input/parse_lfr_2000.sim.tsv ...
--- Iteration 0 ---
active change: True
--- Iteration 1 ---
active change: True
--- Iteration 2 ---
active change: False
finish lpcc
[clustering] Clusters saved -> /scratch/nidita/pscan_output/clusters/lfr_2000.sim_clusters.csv
[clustering] Total clusters: 5
[main] Clustering lfr_20000 (eps=0.8)
[LPSS] Filtered graph saved -> /scratch/nidita/pscan_output/filtered_adjlists/filtered_edge_lfr_20000.sim.tsv
[LPSS] LPCC input saved -> /scratch/nidita/pscan_output/parsed_input/parse_lfr_20000.sim.tsv
[clustering] Running LPCC on /scratch/nidita/pscan_output/parsed_input/parse_lfr_20000.sim.tsv ...
--- Iteration 0 ---
active change: True
--- Iteration 1 ---
active change: True
--- Iteration 2 ---
active change: True
--- Iteration 3 ---
active change: False
finish lpcc
[clustering] Clusters saved -> /scratch/nidita/pscan_output/clusters/lfr_20000.sim_clusters.csv
[clustering] Total clusters: 47
[main] Clustering lfr_40000 (eps=0.8)
[LPSS] Filtered graph saved -> /scratch/nidita/pscan_output/filtered_adjlists/filtered_edge_lfr_40000.sim.tsv
[LPSS] LPCC input saved -> /scratch/nidita/pscan_output/parsed_input/parse_lfr_40000.sim.tsv
[clustering] Running LPCC on /scratch/nidita/pscan_output/parsed_input/parse_lfr_40000.sim.tsv ...
--- Iteration 0 ---
active change: True
--- Iteration 1 ---
active change: True
--- Iteration 2 ---
active change: False
finish lpcc
[clustering] Clusters saved -> /scratch/nidita/pscan_output/clusters/lfr_40000.sim_clusters.csv
[clustering] Total clusters: 78
[main] Clustering lfr_500 (eps=0.8)
[LPSS] Filtered graph saved -> /scratch/nidita/pscan_output/filtered_adjlists/filtered_edge_lfr_500.sim.tsv
[LPSS] LPCC input saved -> /scratch/nidita/pscan_output/parsed_input/parse_lfr_500.sim.tsv
[clustering] Running LPCC on /scratch/nidita/pscan_output/parsed_input/parse_lfr_500.sim.tsv ...
--- Iteration 0 ---
active change: False
finish lpcc
[clustering] Clusters saved -> /scratch/nidita/pscan_output/clusters/lfr_500.sim_clusters.csv
[clustering] Total clusters: 0
[main] Clustering lfr_5000 (eps=0.8)
[LPSS] Filtered graph saved -> /scratch/nidita/pscan_output/filtered_adjlists/filtered_edge_lfr_5000.sim.tsv
[LPSS] LPCC input saved -> /scratch/nidita/pscan_output/parsed_input/parse_lfr_5000.sim.tsv
[clustering] Running LPCC on /scratch/nidita/pscan_output/parsed_input/parse_lfr_5000.sim.tsv ...
--- Iteration 0 ---
active change: True
--- Iteration 1 ---
active change: True
--- Iteration 2 ---
active change: False
finish lpcc
[clustering] Clusters saved -> /scratch/nidita/pscan_output/clusters/lfr_5000.sim_clusters.csv
[clustering] Total clusters: 16
[main] Clustering lfr_80000 (eps=0.8)
[LPSS] Filtered graph saved -> /scratch/nidita/pscan_output/filtered_adjlists/filtered_edge_lfr_80000.sim.tsv
[LPSS] LPCC input saved -> /scratch/nidita/pscan_output/parsed_input/parse_lfr_80000.sim.tsv
[clustering] Running LPCC on /scratch/nidita/pscan_output/parsed_input/parse_lfr_80000.sim.tsv ...
--- Iteration 0 ---
active change: True
--- Iteration 1 ---
active change: True
--- Iteration 2 ---
active change: True
--- Iteration 3 ---
active change: False
finish lpcc
[clustering] Clusters saved -> /scratch/nidita/pscan_output/clusters/lfr_80000.sim_clusters.csv
[clustering] Total clusters: 160
[evaluate] Ground truth nodes : 1000
[evaluate] Predicted nodes    : 2
[evaluate] Matched nodes      : 2
[evaluate] NOTE: 998 nodes had no prediction (pruned by epsilon) — evaluating on matched nodes only

[Evaluation Results]
ARI: 1.0000
NMI: 1.0000
[evaluate] Ground truth nodes : 10000
[evaluate] Predicted nodes    : 31
[evaluate] Matched nodes      : 31
[evaluate] NOTE: 9969 nodes had no prediction (pruned by epsilon) — evaluating on matched nodes only

[Evaluation Results]
ARI: 1.0000
NMI: 1.0000
[evaluate] Ground truth nodes : 160000
[evaluate] Predicted nodes    : 823
[evaluate] Matched nodes      : 823
[evaluate] NOTE: 159177 nodes had no prediction (pruned by epsilon) — evaluating on matched nodes only

[Evaluation Results]
ARI: 0.9224
NMI: 0.9938
[evaluate] Ground truth nodes : 2000
[evaluate] Predicted nodes    : 12
[evaluate] Matched nodes      : 12
[evaluate] NOTE: 1988 nodes had no prediction (pruned by epsilon) — evaluating on matched nodes only

[Evaluation Results]
ARI: 1.0000
NMI: 1.0000
[evaluate] Ground truth nodes : 20000
[evaluate] Predicted nodes    : 107
[evaluate] Matched nodes      : 107
[evaluate] NOTE: 19893 nodes had no prediction (pruned by epsilon) — evaluating on matched nodes only

[Evaluation Results]
ARI: 1.0000
NMI: 1.0000
[evaluate] Ground truth nodes : 40000
[evaluate] Predicted nodes    : 176
[evaluate] Matched nodes      : 176
[evaluate] NOTE: 39824 nodes had no prediction (pruned by epsilon) — evaluating on matched nodes only

[Evaluation Results]
ARI: 0.9756
NMI: 0.9978
[evaluate] Ground truth nodes : 500
[evaluate] Predicted nodes    : 0
[evaluate] Matched nodes      : 0
[evaluate] WARNING: No matching nodes — returning ARI=0, NMI=0
[evaluate] Ground truth nodes : 5000
[evaluate] Predicted nodes    : 35
[evaluate] Matched nodes      : 35
[evaluate] NOTE: 4965 nodes had no prediction (pruned by epsilon) — evaluating on matched nodes only

[Evaluation Results]
ARI: 0.9132
NMI: 0.9854
[evaluate] Ground truth nodes : 80000
[evaluate] Predicted nodes    : 377
[evaluate] Matched nodes      : 377
[evaluate] NOTE: 79623 nodes had no prediction (pruned by epsilon) — evaluating on matched nodes only

[Evaluation Results]
ARI: 0.9658
NMI: 0.9971

--- eps=1.0 ---
[main] Clustering lfr_1000 (eps=1.0)
[LPSS] Filtered graph saved -> /scratch/nidita/pscan_output/filtered_adjlists/filtered_edge_lfr_1000.sim.tsv
[LPSS] LPCC input saved -> /scratch/nidita/pscan_output/parsed_input/parse_lfr_1000.sim.tsv
[clustering] Running LPCC on /scratch/nidita/pscan_output/parsed_input/parse_lfr_1000.sim.tsv ...
--- Iteration 0 ---
active change: False
finish lpcc
[clustering] Clusters saved -> /scratch/nidita/pscan_output/clusters/lfr_1000.sim_clusters.csv
[clustering] Total clusters: 0
[main] Clustering lfr_10000 (eps=1.0)
[LPSS] Filtered graph saved -> /scratch/nidita/pscan_output/filtered_adjlists/filtered_edge_lfr_10000.sim.tsv
[LPSS] LPCC input saved -> /scratch/nidita/pscan_output/parsed_input/parse_lfr_10000.sim.tsv
[clustering] Running LPCC on /scratch/nidita/pscan_output/parsed_input/parse_lfr_10000.sim.tsv ...
--- Iteration 0 ---
active change: False
finish lpcc
[clustering] Clusters saved -> /scratch/nidita/pscan_output/clusters/lfr_10000.sim_clusters.csv
[clustering] Total clusters: 0
[main] Clustering lfr_160000 (eps=1.0)
[LPSS] Filtered graph saved -> /scratch/nidita/pscan_output/filtered_adjlists/filtered_edge_lfr_160000.sim.tsv
[LPSS] LPCC input saved -> /scratch/nidita/pscan_output/parsed_input/parse_lfr_160000.sim.tsv
[clustering] Running LPCC on /scratch/nidita/pscan_output/parsed_input/parse_lfr_160000.sim.tsv ...
--- Iteration 0 ---
active change: False
finish lpcc
[clustering] Clusters saved -> /scratch/nidita/pscan_output/clusters/lfr_160000.sim_clusters.csv
[clustering] Total clusters: 0
[main] Clustering lfr_2000 (eps=1.0)
[LPSS] Filtered graph saved -> /scratch/nidita/pscan_output/filtered_adjlists/filtered_edge_lfr_2000.sim.tsv
[LPSS] LPCC input saved -> /scratch/nidita/pscan_output/parsed_input/parse_lfr_2000.sim.tsv
[clustering] Running LPCC on /scratch/nidita/pscan_output/parsed_input/parse_lfr_2000.sim.tsv ...
--- Iteration 0 ---
active change: False
finish lpcc
[clustering] Clusters saved -> /scratch/nidita/pscan_output/clusters/lfr_2000.sim_clusters.csv
[clustering] Total clusters: 0
[main] Clustering lfr_20000 (eps=1.0)
[LPSS] Filtered graph saved -> /scratch/nidita/pscan_output/filtered_adjlists/filtered_edge_lfr_20000.sim.tsv
[LPSS] LPCC input saved -> /scratch/nidita/pscan_output/parsed_input/parse_lfr_20000.sim.tsv
[clustering] Running LPCC on /scratch/nidita/pscan_output/parsed_input/parse_lfr_20000.sim.tsv ...
--- Iteration 0 ---
active change: False
finish lpcc
[clustering] Clusters saved -> /scratch/nidita/pscan_output/clusters/lfr_20000.sim_clusters.csv
[clustering] Total clusters: 0
[main] Clustering lfr_40000 (eps=1.0)
[LPSS] Filtered graph saved -> /scratch/nidita/pscan_output/filtered_adjlists/filtered_edge_lfr_40000.sim.tsv
[LPSS] LPCC input saved -> /scratch/nidita/pscan_output/parsed_input/parse_lfr_40000.sim.tsv
[clustering] Running LPCC on /scratch/nidita/pscan_output/parsed_input/parse_lfr_40000.sim.tsv ...
--- Iteration 0 ---
active change: False
finish lpcc
[clustering] Clusters saved -> /scratch/nidita/pscan_output/clusters/lfr_40000.sim_clusters.csv
[clustering] Total clusters: 0
[main] Clustering lfr_500 (eps=1.0)
[LPSS] Filtered graph saved -> /scratch/nidita/pscan_output/filtered_adjlists/filtered_edge_lfr_500.sim.tsv
[LPSS] LPCC input saved -> /scratch/nidita/pscan_output/parsed_input/parse_lfr_500.sim.tsv
[clustering] Running LPCC on /scratch/nidita/pscan_output/parsed_input/parse_lfr_500.sim.tsv ...
--- Iteration 0 ---
active change: False
finish lpcc
[clustering] Clusters saved -> /scratch/nidita/pscan_output/clusters/lfr_500.sim_clusters.csv
[clustering] Total clusters: 0
[main] Clustering lfr_5000 (eps=1.0)
[LPSS] Filtered graph saved -> /scratch/nidita/pscan_output/filtered_adjlists/filtered_edge_lfr_5000.sim.tsv
[LPSS] LPCC input saved -> /scratch/nidita/pscan_output/parsed_input/parse_lfr_5000.sim.tsv
[clustering] Running LPCC on /scratch/nidita/pscan_output/parsed_input/parse_lfr_5000.sim.tsv ...
--- Iteration 0 ---
active change: False
finish lpcc
[clustering] Clusters saved -> /scratch/nidita/pscan_output/clusters/lfr_5000.sim_clusters.csv
[clustering] Total clusters: 0
[main] Clustering lfr_80000 (eps=1.0)
[LPSS] Filtered graph saved -> /scratch/nidita/pscan_output/filtered_adjlists/filtered_edge_lfr_80000.sim.tsv
[LPSS] LPCC input saved -> /scratch/nidita/pscan_output/parsed_input/parse_lfr_80000.sim.tsv
[clustering] Running LPCC on /scratch/nidita/pscan_output/parsed_input/parse_lfr_80000.sim.tsv ...
--- Iteration 0 ---
active change: False
finish lpcc
[clustering] Clusters saved -> /scratch/nidita/pscan_output/clusters/lfr_80000.sim_clusters.csv
[clustering] Total clusters: 0
[evaluate] Ground truth nodes : 1000
[evaluate] Predicted nodes    : 0
[evaluate] Matched nodes      : 0
[evaluate] WARNING: No matching nodes — returning ARI=0, NMI=0
[evaluate] Ground truth nodes : 10000
[evaluate] Predicted nodes    : 0
[evaluate] Matched nodes      : 0
[evaluate] WARNING: No matching nodes — returning ARI=0, NMI=0
[evaluate] Ground truth nodes : 160000
[evaluate] Predicted nodes    : 0
[evaluate] Matched nodes      : 0
[evaluate] WARNING: No matching nodes — returning ARI=0, NMI=0
[evaluate] Ground truth nodes : 2000
[evaluate] Predicted nodes    : 0
[evaluate] Matched nodes      : 0
[evaluate] WARNING: No matching nodes — returning ARI=0, NMI=0
[evaluate] Ground truth nodes : 20000
[evaluate] Predicted nodes    : 0
[evaluate] Matched nodes      : 0
[evaluate] WARNING: No matching nodes — returning ARI=0, NMI=0
[evaluate] Ground truth nodes : 40000
[evaluate] Predicted nodes    : 0
[evaluate] Matched nodes      : 0
[evaluate] WARNING: No matching nodes — returning ARI=0, NMI=0
[evaluate] Ground truth nodes : 500
[evaluate] Predicted nodes    : 0
[evaluate] Matched nodes      : 0
[evaluate] WARNING: No matching nodes — returning ARI=0, NMI=0
[evaluate] Ground truth nodes : 5000
[evaluate] Predicted nodes    : 0
[evaluate] Matched nodes      : 0
[evaluate] WARNING: No matching nodes — returning ARI=0, NMI=0
[evaluate] Ground truth nodes : 80000
[evaluate] Predicted nodes    : 0
[evaluate] Matched nodes      : 0
[evaluate] WARNING: No matching nodes — returning ARI=0, NMI=0

[main] Accuracy results -> /scratch/nidita/pscan_output/results_accuracy.csv
[main] Could not copy results back: [Errno 13] Permission denied: '/project/def-a2nyi4/nidita/pscan/working/results_accuracy.csv'

[main] Finished in 63.03s
Exit code: 0
Experiment 1 finished: Sat 28 Mar 2026 02:32:25 AM EDT
No results_accuracy.csv to copy
==========================================

scontrol show job 1246499
JobId=1246499 JobName=pscan_accuracy
   UserId=nidita(3152085) GroupId=nidita(3152085) MCS_label=N/A
   Priority=1867690 Nice=0 Account=def-a2nyi4 QOS=normal
   JobState=COMPLETING Reason=None Dependency=(null)
   Requeue=0 Restarts=0 BatchFlag=1 Reboot=0 ExitCode=0:0
   RunTime=00:01:28 TimeLimit=04:00:00 TimeMin=N/A
   SubmitTime=2026-03-28T02:29:45 EligibleTime=2026-03-28T02:29:45
   AccrueTime=2026-03-28T02:29:45
   StartTime=2026-03-28T02:30:57 EndTime=2026-03-28T02:32:25 Deadline=N/A
   SuspendTime=None SecsPreSuspend=0 LastSchedEval=2026-03-28T02:30:57 Scheduler=Main
   Partition=compute AllocNode:Sid=tri-login04:1694760
   ReqNodeList=(null) ExcNodeList=(null)
   NodeList=tri0999
   BatchHost=tri0999
   NumNodes=1 NumCPUs=192 NumTasks=1 CPUs/Task=8 ReqB:S:C:T=0:0:*:*
   ReqTRES=cpu=8,mem=767000M,node=1,billing=8
   AllocTRES=cpu=192,mem=767000M,node=1,billing=192
   Socks/Node=* NtasksPerN:B:S:C=0:0:*:* CoreSpec=*
   MinCPUsNode=8 MinMemoryNode=767000M MinTmpDiskNode=0
   Features=(null) DelayBoot=00:00:00
   OverSubscribe=NO Contiguous=0 Licenses=(null) LicensesAlloc=(null) Network=(null)
   Command=/project/def-a2nyi4/nidita/pscan/working/run/run_accuracy.sh
   SubmitLine=SBATCH --comment /opt/slurm/bin/sbatch --export=NONE --get-user-env run/run_accuracy.sh --export=NONE --get-user-env run/run_accuracy.sh
   WorkDir=/project/def-a2nyi4/nidita/pscan/working
   Comment=/opt/slurm/bin/sbatch --export=NONE --get-user-env run/run_accuracy.sh
   StdErr=/scratch/nidita/logs/pscan_accuracy_1246499.err
   StdIn=/dev/null
   StdOut=/scratch/nidita/logs/pscan_accuracy_1246499.out
   TresPerTask=cpu=8
   MailUser=niditaroy@uvic.ca MailType=BEGIN,END,FAIL

sacct -j 1246499
JobID           JobName    Account    Elapsed  MaxVMSize     MaxRSS  SystemCPU    UserCPU ExitCode 
------------ ---------- ---------- ---------- ---------- ---------- ---------- ---------- -------- 
1246499      pscan_acc+ def-a2nyi4   00:01:28                         00:00:00   00:00:00      0:0 
1246499.bat+      batch def-a2nyi4   00:01:28                         00:00:00   00:00:00      0:0 
1246499.ext+     extern def-a2nyi4   00:01:28                         00:00:00   00:00:00      0:0 

