The following modules were not unloaded:
  (Use "module --force purge" to unload all):

  1) gentoo/2023
[similarity] Loading /scratch/nidita/pscan_output/adjlists/lfr_500.adjlist ...
[similarity]   Nodes: 500  Edges: 4,379  (load: 0.023s)
[similarity] Running mapper + reducer ...
[similarity]   4,379 similarities in 0.017s
[similarity] Writing → /scratch/nidita/pscan_output/adjlists/lfr_500.sim.tsv ...
[similarity]   Write done in 0.006s
[similarity] Loading /scratch/nidita/pscan_output/adjlists/lfr_500.adjlist ...
[similarity]   Nodes: 500  Edges: 4,379  (load: 0.001s)
[similarity] Running mapper + reducer ...
[similarity]   4,379 similarities in 0.016s
[similarity] Writing → /scratch/nidita/pscan_output/adjlists/lfr_500.sim.tsv ...
[similarity]   Write done in 0.005s
[similarity] Loading /scratch/nidita/pscan_output/adjlists/lfr_500.adjlist ...
[similarity]   Nodes: 500  Edges: 4,379  (load: 0.001s)
[similarity] Running mapper + reducer ...
[similarity]   4,379 similarities in 0.016s
[similarity] Writing → /scratch/nidita/pscan_output/adjlists/lfr_500.sim.tsv ...
[similarity]   Write done in 0.005s
[similarity] Loading /scratch/nidita/pscan_output/adjlists/lfr_1000.adjlist ...
[similarity]   Nodes: 1,000  Edges: 8,541  (load: 0.007s)
[similarity] Running mapper + reducer ...
[similarity]   8,541 similarities in 0.035s
[similarity] Writing → /scratch/nidita/pscan_output/adjlists/lfr_1000.sim.tsv ...
[similarity]   Write done in 0.008s
[similarity] Loading /scratch/nidita/pscan_output/adjlists/lfr_1000.adjlist ...
[similarity]   Nodes: 1,000  Edges: 8,541  (load: 0.002s)
[similarity] Running mapper + reducer ...
[similarity]   8,541 similarities in 0.032s
[similarity] Writing → /scratch/nidita/pscan_output/adjlists/lfr_1000.sim.tsv ...
[similarity]   Write done in 0.008s
[similarity] Loading /scratch/nidita/pscan_output/adjlists/lfr_1000.adjlist ...
[similarity]   Nodes: 1,000  Edges: 8,541  (load: 0.003s)
[similarity] Running mapper + reducer ...
[similarity]   8,541 similarities in 0.032s
[similarity] Writing → /scratch/nidita/pscan_output/adjlists/lfr_1000.sim.tsv ...
[similarity]   Write done in 0.007s
[similarity] Loading /scratch/nidita/pscan_output/adjlists/lfr_2000.adjlist ...
[similarity]   Nodes: 2,000  Edges: 16,616  (load: 0.007s)
[similarity] Running mapper + reducer ...
[similarity]   16,616 similarities in 0.069s
[similarity] Writing → /scratch/nidita/pscan_output/adjlists/lfr_2000.sim.tsv ...
[similarity]   Write done in 0.015s
[similarity] Loading /scratch/nidita/pscan_output/adjlists/lfr_2000.adjlist ...
[similarity]   Nodes: 2,000  Edges: 16,616  (load: 0.004s)
[similarity] Running mapper + reducer ...
[similarity]   16,616 similarities in 0.069s
[similarity] Writing → /scratch/nidita/pscan_output/adjlists/lfr_2000.sim.tsv ...
[similarity]   Write done in 0.012s
[similarity] Loading /scratch/nidita/pscan_output/adjlists/lfr_2000.adjlist ...
[similarity]   Nodes: 2,000  Edges: 16,616  (load: 0.004s)
[similarity] Running mapper + reducer ...
[similarity]   16,616 similarities in 0.070s
[similarity] Writing → /scratch/nidita/pscan_output/adjlists/lfr_2000.sim.tsv ...
[similarity]   Write done in 0.012s
[similarity] Loading /scratch/nidita/pscan_output/adjlists/lfr_5000.adjlist ...
[similarity]   Nodes: 5,000  Edges: 42,378  (load: 0.013s)
[similarity] Running mapper + reducer ...
[similarity]   42,378 similarities in 0.193s
[similarity] Writing → /scratch/nidita/pscan_output/adjlists/lfr_5000.sim.tsv ...
[similarity]   Write done in 0.029s
[similarity] Loading /scratch/nidita/pscan_output/adjlists/lfr_5000.adjlist ...
[similarity]   Nodes: 5,000  Edges: 42,378  (load: 0.011s)
[similarity] Running mapper + reducer ...
[similarity]   42,378 similarities in 0.191s
[similarity] Writing → /scratch/nidita/pscan_output/adjlists/lfr_5000.sim.tsv ...
[similarity]   Write done in 0.029s
[similarity] Loading /scratch/nidita/pscan_output/adjlists/lfr_5000.adjlist ...
[similarity]   Nodes: 5,000  Edges: 42,378  (load: 0.011s)
[similarity] Running mapper + reducer ...
[similarity]   42,378 similarities in 0.199s
[similarity] Writing → /scratch/nidita/pscan_output/adjlists/lfr_5000.sim.tsv ...
[similarity]   Write done in 0.028s
[similarity] Loading /scratch/nidita/pscan_output/adjlists/lfr_10000.adjlist ...
[similarity]   Nodes: 10,000  Edges: 84,112  (load: 0.027s)
[similarity] Running mapper + reducer ...
[similarity]   84,112 similarities in 0.453s
[similarity] Writing → /scratch/nidita/pscan_output/adjlists/lfr_10000.sim.tsv ...
[similarity]   Write done in 0.060s
[similarity] Loading /scratch/nidita/pscan_output/adjlists/lfr_10000.adjlist ...
[similarity]   Nodes: 10,000  Edges: 84,112  (load: 0.023s)
[similarity] Running mapper + reducer ...
[similarity]   84,112 similarities in 0.459s
[similarity] Writing → /scratch/nidita/pscan_output/adjlists/lfr_10000.sim.tsv ...
[similarity]   Write done in 0.047s
[similarity] Loading /scratch/nidita/pscan_output/adjlists/lfr_10000.adjlist ...
[similarity]   Nodes: 10,000  Edges: 84,112  (load: 0.023s)
[similarity] Running mapper + reducer ...
[similarity]   84,112 similarities in 0.468s
[similarity] Writing → /scratch/nidita/pscan_output/adjlists/lfr_10000.sim.tsv ...
[similarity]   Write done in 0.050s
[similarity] Loading /scratch/nidita/pscan_output/adjlists/lfr_20000.adjlist ...
[similarity]   Nodes: 20,000  Edges: 167,394  (load: 0.057s)
[similarity] Running mapper + reducer ...
[similarity]   167,394 similarities in 1.137s
[similarity] Writing → /scratch/nidita/pscan_output/adjlists/lfr_20000.sim.tsv ...
[similarity]   Write done in 0.112s
[similarity] Loading /scratch/nidita/pscan_output/adjlists/lfr_20000.adjlist ...
[similarity]   Nodes: 20,000  Edges: 167,394  (load: 0.049s)
[similarity] Running mapper + reducer ...
[similarity]   167,394 similarities in 1.078s
[similarity] Writing → /scratch/nidita/pscan_output/adjlists/lfr_20000.sim.tsv ...
[similarity]   Write done in 0.107s
[similarity] Loading /scratch/nidita/pscan_output/adjlists/lfr_20000.adjlist ...
[similarity]   Nodes: 20,000  Edges: 167,394  (load: 0.048s)
[similarity] Running mapper + reducer ...
[similarity]   167,394 similarities in 1.115s
[similarity] Writing → /scratch/nidita/pscan_output/adjlists/lfr_20000.sim.tsv ...
[similarity]   Write done in 0.107s
[similarity] Loading /scratch/nidita/pscan_output/adjlists/lfr_40000.adjlist ...
[similarity]   Nodes: 40,000  Edges: 335,627  (load: 0.107s)
[similarity] Running mapper + reducer ...
[similarity]   335,627 similarities in 2.445s
[similarity] Writing → /scratch/nidita/pscan_output/adjlists/lfr_40000.sim.tsv ...
[similarity]   Write done in 0.244s
[similarity] Loading /scratch/nidita/pscan_output/adjlists/lfr_40000.adjlist ...
[similarity]   Nodes: 40,000  Edges: 335,627  (load: 0.117s)
[similarity] Running mapper + reducer ...
[similarity]   335,627 similarities in 2.535s
[similarity] Writing → /scratch/nidita/pscan_output/adjlists/lfr_40000.sim.tsv ...
[similarity]   Write done in 0.245s
[similarity] Loading /scratch/nidita/pscan_output/adjlists/lfr_40000.adjlist ...
[similarity]   Nodes: 40,000  Edges: 335,627  (load: 0.104s)
[similarity] Running mapper + reducer ...
[similarity]   335,627 similarities in 2.444s
[similarity] Writing → /scratch/nidita/pscan_output/adjlists/lfr_40000.sim.tsv ...
[similarity]   Write done in 0.249s
[similarity] Loading /scratch/nidita/pscan_output/adjlists/lfr_80000.adjlist ...
[similarity]   Nodes: 80,000  Edges: 669,463  (load: 0.239s)
[similarity] Running mapper + reducer ...
[similarity]   669,463 similarities in 5.688s
[similarity] Writing → /scratch/nidita/pscan_output/adjlists/lfr_80000.sim.tsv ...
[similarity]   Write done in 0.488s
[similarity] Loading /scratch/nidita/pscan_output/adjlists/lfr_80000.adjlist ...
[similarity]   Nodes: 80,000  Edges: 669,463  (load: 0.221s)
[similarity] Running mapper + reducer ...
[similarity]   669,463 similarities in 5.689s
[similarity] Writing → /scratch/nidita/pscan_output/adjlists/lfr_80000.sim.tsv ...
[similarity]   Write done in 0.510s
[similarity] Loading /scratch/nidita/pscan_output/adjlists/lfr_80000.adjlist ...
[similarity]   Nodes: 80,000  Edges: 669,463  (load: 0.247s)
[similarity] Running mapper + reducer ...
[similarity]   669,463 similarities in 5.291s
[similarity] Writing → /scratch/nidita/pscan_output/adjlists/lfr_80000.sim.tsv ...
[similarity]   Write done in 0.499s
[similarity] Loading /scratch/nidita/pscan_output/adjlists/lfr_160000.adjlist ...
[similarity]   Nodes: 160,000  Edges: 1,344,581  (load: 0.548s)
[similarity] Running mapper + reducer ...
[similarity]   1,344,581 similarities in 11.600s
[similarity] Writing → /scratch/nidita/pscan_output/adjlists/lfr_160000.sim.tsv ...
[similarity]   Write done in 1.033s
[similarity] Loading /scratch/nidita/pscan_output/adjlists/lfr_160000.adjlist ...
[similarity]   Nodes: 160,000  Edges: 1,344,581  (load: 0.466s)
[similarity] Running mapper + reducer ...
[similarity]   1,344,581 similarities in 12.182s
[similarity] Writing → /scratch/nidita/pscan_output/adjlists/lfr_160000.sim.tsv ...
[similarity]   Write done in 1.103s
[similarity] Loading /scratch/nidita/pscan_output/adjlists/lfr_160000.adjlist ...
[similarity]   Nodes: 160,000  Edges: 1,344,581  (load: 0.465s)
[similarity] Running mapper + reducer ...
[similarity]   1,344,581 similarities in 12.010s
[similarity] Writing → /scratch/nidita/pscan_output/adjlists/lfr_160000.sim.tsv ...
[similarity]   Write done in 1.063s
