The following modules were not unloaded:
  (Use "module --force purge" to unload all):

  1) gentoo/2023
[similarity] Loading /scratch/nidita/pscan_output/adjlists/ba_100000.adjlist ...
[similarity]   Nodes: 100,000  Edges: 699,951  (load: 0.651s)
[similarity] Running mapper + reducer ...
[similarity]   699,951 similarities in 5.589s
[similarity] Writing → /scratch/nidita/pscan_output/adjlists/ba_100000.sim.tsv ...
[similarity]   Write done in 0.575s
[similarity] Loading /scratch/nidita/pscan_output/adjlists/ba_100000.adjlist ...
[similarity]   Nodes: 100,000  Edges: 699,951  (load: 0.234s)
[similarity] Running mapper + reducer ...
[similarity]   699,951 similarities in 5.328s
[similarity] Writing → /scratch/nidita/pscan_output/adjlists/ba_100000.sim.tsv ...
[similarity]   Write done in 0.593s
[similarity] Loading /scratch/nidita/pscan_output/adjlists/ba_100000.adjlist ...
[similarity]   Nodes: 100,000  Edges: 699,951  (load: 0.240s)
[similarity] Running mapper + reducer ...
[similarity]   699,951 similarities in 5.350s
[similarity] Writing → /scratch/nidita/pscan_output/adjlists/ba_100000.sim.tsv ...
[similarity]   Write done in 0.639s
[similarity] Loading /scratch/nidita/pscan_output/adjlists/ba_200000.adjlist ...
[similarity]   Nodes: 200,000  Edges: 1,399,951  (load: 1.518s)
[similarity] Running mapper + reducer ...
[similarity]   1,399,951 similarities in 12.118s
[similarity] Writing → /scratch/nidita/pscan_output/adjlists/ba_200000.sim.tsv ...
[similarity]   Write done in 1.175s
[similarity] Loading /scratch/nidita/pscan_output/adjlists/ba_200000.adjlist ...
[similarity]   Nodes: 200,000  Edges: 1,399,951  (load: 0.479s)
[similarity] Running mapper + reducer ...
[similarity]   1,399,951 similarities in 10.487s
[similarity] Writing → /scratch/nidita/pscan_output/adjlists/ba_200000.sim.tsv ...
[similarity]   Write done in 1.203s
[similarity] Loading /scratch/nidita/pscan_output/adjlists/ba_200000.adjlist ...
[similarity]   Nodes: 200,000  Edges: 1,399,951  (load: 0.478s)
[similarity] Running mapper + reducer ...
[similarity]   1,399,951 similarities in 10.828s
[similarity] Writing → /scratch/nidita/pscan_output/adjlists/ba_200000.sim.tsv ...
[similarity]   Write done in 1.163s
[similarity] Loading /scratch/nidita/pscan_output/adjlists/ba_300000.adjlist ...
[similarity]   Nodes: 300,000  Edges: 2,099,951  (load: 2.371s)
[similarity] Running mapper + reducer ...
[similarity]   2,099,951 similarities in 18.178s
[similarity] Writing → /scratch/nidita/pscan_output/adjlists/ba_300000.sim.tsv ...
[similarity]   Write done in 1.802s
[similarity] Loading /scratch/nidita/pscan_output/adjlists/ba_300000.adjlist ...
[similarity]   Nodes: 300,000  Edges: 2,099,951  (load: 0.730s)
[similarity] Running mapper + reducer ...
[similarity]   2,099,951 similarities in 16.494s
[similarity] Writing → /scratch/nidita/pscan_output/adjlists/ba_300000.sim.tsv ...
[similarity]   Write done in 1.812s
[similarity] Loading /scratch/nidita/pscan_output/adjlists/ba_300000.adjlist ...
[similarity]   Nodes: 300,000  Edges: 2,099,951  (load: 0.710s)
[similarity] Running mapper + reducer ...
[similarity]   2,099,951 similarities in 17.322s
[similarity] Writing → /scratch/nidita/pscan_output/adjlists/ba_300000.sim.tsv ...
[similarity]   Write done in 1.844s
[similarity] Loading /scratch/nidita/pscan_output/adjlists/ba_400000.adjlist ...
[similarity]   Nodes: 400,000  Edges: 2,799,951  (load: 0.960s)
[similarity] Running mapper + reducer ...
[similarity]   2,799,951 similarities in 25.797s
[similarity] Writing → /scratch/nidita/pscan_output/adjlists/ba_400000.sim.tsv ...
[similarity]   Write done in 2.392s
[similarity] Loading /scratch/nidita/pscan_output/adjlists/ba_400000.adjlist ...
[similarity]   Nodes: 400,000  Edges: 2,799,951  (load: 0.929s)
[similarity] Running mapper + reducer ...
[similarity]   2,799,951 similarities in 22.011s
[similarity] Writing → /scratch/nidita/pscan_output/adjlists/ba_400000.sim.tsv ...
[similarity]   Write done in 2.385s
[similarity] Loading /scratch/nidita/pscan_output/adjlists/ba_400000.adjlist ...
[similarity]   Nodes: 400,000  Edges: 2,799,951  (load: 1.572s)
[similarity] Running mapper + reducer ...
[similarity]   2,799,951 similarities in 23.567s
[similarity] Writing → /scratch/nidita/pscan_output/adjlists/ba_400000.sim.tsv ...
[similarity]   Write done in 2.377s
