The following modules were not unloaded:
  (Use "module --force purge" to unload all):

  1) gentoo/2023
[similarity] Loading /scratch/nidita/pscan_output/adjlists/ba_1000000.adjlist ...
[similarity]   Nodes: 1,000,000  Edges: 6,999,951  (load: 9.865s)
[similarity] Running mapper + reducer ...
[similarity]   6,999,951 similarities in 64.966s
[similarity] Writing → /scratch/nidita/pscan_output/adjlists/ba_1000000.sim.tsv ...
[similarity]   Write done in 5.958s
[similarity] Loading /scratch/nidita/pscan_output/adjlists/ba_1000000.adjlist ...
[similarity]   Nodes: 1,000,000  Edges: 6,999,951  (load: 9.971s)
[similarity] Running mapper + reducer ...
[similarity]   6,999,951 similarities in 64.932s
[similarity] Writing → /scratch/nidita/pscan_output/adjlists/ba_1000000.sim.tsv ...
[similarity]   Write done in 5.990s
[similarity] Loading /scratch/nidita/pscan_output/adjlists/ba_1000000.adjlist ...
[similarity]   Nodes: 1,000,000  Edges: 6,999,951  (load: 9.832s)
[similarity] Running mapper + reducer ...
[similarity]   6,999,951 similarities in 64.728s
[similarity] Writing → /scratch/nidita/pscan_output/adjlists/ba_1000000.sim.tsv ...
[similarity]   Write done in 5.885s
