==========================================
Job started:  Sat 28 Mar 2026 02:37:11 AM EDT
Node:         tri0823
Job ID:       1246514
==========================================
Starting Experiment 2: Runtime vs Machines...
[main] PSCAN started
[main] Project root : /project/def-a2nyi4/nidita/pscan/working
[main] Output dir   : /scratch/nidita/pscan_output

[Experiment 2] Runtime vs Machines
  BA sizes  : [100000, 200000, 300000, 400000]
  Machines  : [4, 8, 15]
[main] Best epsilon from experiment 1: 0.4

--- BA n=100,000 ---
[main] /scratch/nidita/pscan_output/adjlists/ba_100000.adjlist not found, skipping.

--- BA n=200,000 ---
[main] /scratch/nidita/pscan_output/adjlists/ba_200000.adjlist not found, skipping.

--- BA n=300,000 ---
[main] /scratch/nidita/pscan_output/adjlists/ba_300000.adjlist not found, skipping.

--- BA n=400,000 ---
[main] /scratch/nidita/pscan_output/adjlists/ba_400000.adjlist not found, skipping.

[main] Runtime results -> /scratch/nidita/pscan_output/results_runtime.csv
[main] Could not copy results back: [Errno 13] Permission denied: '/project/def-a2nyi4/nidita/pscan/working/results_runtime.csv'

[main] Finished in 0.01s
Exit code: 0
Experiment 2 finished: Sat 28 Mar 2026 02:37:17 AM EDT
No results_accuracy.csv to copy
No results_runtime.csv to copy
==========================================

scontrol show job 1246514
JobId=1246514 JobName=pscan_runtime
   UserId=nidita(3152085) GroupId=nidita(3152085) MCS_label=N/A
   Priority=1841651 Nice=0 Account=def-a2nyi4 QOS=normal
   JobState=COMPLETING Reason=None Dependency=(null)
   Requeue=0 Restarts=0 BatchFlag=1 Reboot=0 ExitCode=0:0
   RunTime=00:00:08 TimeLimit=08:00:00 TimeMin=N/A
   SubmitTime=2026-03-28T02:37:08 EligibleTime=2026-03-28T02:37:08
   AccrueTime=2026-03-28T02:37:08
   StartTime=2026-03-28T02:37:09 EndTime=2026-03-28T02:37:17 Deadline=N/A
   SuspendTime=None SecsPreSuspend=0 LastSchedEval=2026-03-28T02:37:09 Scheduler=Main
   Partition=compute AllocNode:Sid=tri-login04:1694760
   ReqNodeList=(null) ExcNodeList=(null)
   NodeList=tri0823
   BatchHost=tri0823
   NumNodes=1 NumCPUs=192 NumTasks=1 CPUs/Task=16 ReqB:S:C:T=0:0:*:*
   ReqTRES=cpu=16,mem=767000M,node=1,billing=16
   AllocTRES=cpu=192,mem=767000M,node=1,billing=192
   Socks/Node=* NtasksPerN:B:S:C=0:0:*:* CoreSpec=*
   MinCPUsNode=16 MinMemoryNode=767000M MinTmpDiskNode=0
   Features=(null) DelayBoot=00:00:00
   OverSubscribe=NO Contiguous=0 Licenses=(null) LicensesAlloc=(null) Network=(null)
   Command=/project/def-a2nyi4/nidita/pscan/working/run/run_runtime.sh
   SubmitLine=SBATCH --comment /opt/slurm/bin/sbatch --export=NONE --get-user-env run/run_runtime.sh --export=NONE --get-user-env run/run_runtime.sh
   WorkDir=/project/def-a2nyi4/nidita/pscan/working
   Comment=/opt/slurm/bin/sbatch --export=NONE --get-user-env run/run_runtime.sh
   StdErr=/scratch/nidita/logs/pscan_runtime_1246514.err
   StdIn=/dev/null
   StdOut=/scratch/nidita/logs/pscan_runtime_1246514.out
   TresPerTask=cpu=16
   MailUser=niditaroy@uvic.ca MailType=BEGIN,END,FAIL

sacct -j 1246514
JobID           JobName    Account    Elapsed  MaxVMSize     MaxRSS  SystemCPU    UserCPU ExitCode 
------------ ---------- ---------- ---------- ---------- ---------- ---------- ---------- -------- 
1246514      pscan_run+ def-a2nyi4   00:00:08                         00:00:00   00:00:00      0:0 
1246514.bat+      batch def-a2nyi4   00:00:08                         00:00:00   00:00:00      0:0 
1246514.ext+     extern def-a2nyi4   00:00:08                         00:00:00   00:00:00      0:0 

