==========================================
Job started:  Sun 29 Mar 2026 06:02:56 PM EDT
Node:         tri0879
Job ID:       1251174
==========================================
Starting Runtime Experiment on LFR graphs...
Mu: 5

[runtime_lfr] LFR sizes : [500, 1000, 2000, 5000, 10000, 20000, 40000, 80000, 160000]
[runtime_lfr] Machines  : [4, 8, 15]
[runtime_lfr] Epsilon   : 0.4
[runtime_lfr] Mu        : 5

--- lfr_500  machines=4 (workers=4) ---
[LPSS] Filtered graph saved -> /scratch/nidita/pscan_output/filtered_adjlists/filtered_edge_lfr_500.sim.tsv
[LPSS] LPCC input saved -> /scratch/nidita/pscan_output/parsed_input/parse_lfr_500.sim.tsv
[clustering] Running LPCC on /scratch/nidita/pscan_output/parsed_input/parse_lfr_500.sim.tsv ...
--- Iteration 0 ---
active change: True
--- Iteration 1 ---
active change: True
--- Iteration 2 ---
active change: True
--- Iteration 3 ---
active change: True
--- Iteration 4 ---
active change: True
--- Iteration 5 ---
active change: True
--- Iteration 6 ---
active change: False
finish lpcc
[clustering] Clusters saved -> /scratch/nidita/pscan_output/clusters/lfr_500.sim_clusters.csv
[clustering] Total clusters: 16
[clustering] Core: 251  Hub: 0  Outlier: 193
[hub_outlier] Saved → /scratch/nidita/pscan_output/classifications/lfr_500.sim_classification.tsv
  -> 0.08s  (speedup vs 4-CPU baseline: 1.00x)

--- lfr_500  machines=8 (workers=8) ---
[LPSS] Filtered graph saved -> /scratch/nidita/pscan_output/filtered_adjlists/filtered_edge_lfr_500.sim.tsv
[LPSS] LPCC input saved -> /scratch/nidita/pscan_output/parsed_input/parse_lfr_500.sim.tsv
[clustering] Running LPCC on /scratch/nidita/pscan_output/parsed_input/parse_lfr_500.sim.tsv ...
--- Iteration 0 ---
active change: True
--- Iteration 1 ---
active change: True
--- Iteration 2 ---
active change: True
--- Iteration 3 ---
active change: True
--- Iteration 4 ---
active change: True
--- Iteration 5 ---
active change: True
--- Iteration 6 ---
active change: False
finish lpcc
[clustering] Clusters saved -> /scratch/nidita/pscan_output/clusters/lfr_500.sim_clusters.csv
[clustering] Total clusters: 16
[clustering] Core: 251  Hub: 0  Outlier: 193
[hub_outlier] Saved → /scratch/nidita/pscan_output/classifications/lfr_500.sim_classification.tsv
  -> 0.05s  (speedup vs 4-CPU baseline: 1.50x)

--- lfr_500  machines=15 (workers=15) ---
[LPSS] Filtered graph saved -> /scratch/nidita/pscan_output/filtered_adjlists/filtered_edge_lfr_500.sim.tsv
[LPSS] LPCC input saved -> /scratch/nidita/pscan_output/parsed_input/parse_lfr_500.sim.tsv
[clustering] Running LPCC on /scratch/nidita/pscan_output/parsed_input/parse_lfr_500.sim.tsv ...
--- Iteration 0 ---
active change: True
--- Iteration 1 ---
active change: True
--- Iteration 2 ---
active change: True
--- Iteration 3 ---
active change: True
--- Iteration 4 ---
active change: True
--- Iteration 5 ---
active change: True
--- Iteration 6 ---
active change: False
finish lpcc
[clustering] Clusters saved -> /scratch/nidita/pscan_output/clusters/lfr_500.sim_clusters.csv
[clustering] Total clusters: 16
[clustering] Core: 251  Hub: 0  Outlier: 193
[hub_outlier] Saved → /scratch/nidita/pscan_output/classifications/lfr_500.sim_classification.tsv
  -> 0.05s  (speedup vs 4-CPU baseline: 1.45x)

--- lfr_1000  machines=4 (workers=4) ---
[LPSS] Filtered graph saved -> /scratch/nidita/pscan_output/filtered_adjlists/filtered_edge_lfr_1000.sim.tsv
[LPSS] LPCC input saved -> /scratch/nidita/pscan_output/parsed_input/parse_lfr_1000.sim.tsv
[clustering] Running LPCC on /scratch/nidita/pscan_output/parsed_input/parse_lfr_1000.sim.tsv ...
--- Iteration 0 ---
active change: True
--- Iteration 1 ---
active change: True
--- Iteration 2 ---
active change: True
--- Iteration 3 ---
active change: True
--- Iteration 4 ---
active change: True
--- Iteration 5 ---
active change: True
--- Iteration 6 ---
active change: True
--- Iteration 7 ---
active change: True
--- Iteration 8 ---
active change: False
finish lpcc
[clustering] Clusters saved -> /scratch/nidita/pscan_output/clusters/lfr_1000.sim_clusters.csv
[clustering] Total clusters: 44
[clustering] Core: 411  Hub: 0  Outlier: 352
[hub_outlier] Saved → /scratch/nidita/pscan_output/classifications/lfr_1000.sim_classification.tsv
  -> 0.07s  (speedup vs 4-CPU baseline: 1.00x)

--- lfr_1000  machines=8 (workers=8) ---
[LPSS] Filtered graph saved -> /scratch/nidita/pscan_output/filtered_adjlists/filtered_edge_lfr_1000.sim.tsv
[LPSS] LPCC input saved -> /scratch/nidita/pscan_output/parsed_input/parse_lfr_1000.sim.tsv
[clustering] Running LPCC on /scratch/nidita/pscan_output/parsed_input/parse_lfr_1000.sim.tsv ...
--- Iteration 0 ---
active change: True
--- Iteration 1 ---
active change: True
--- Iteration 2 ---
active change: True
--- Iteration 3 ---
active change: True
--- Iteration 4 ---
active change: True
--- Iteration 5 ---
active change: True
--- Iteration 6 ---
active change: True
--- Iteration 7 ---
active change: True
--- Iteration 8 ---
active change: False
finish lpcc
[clustering] Clusters saved -> /scratch/nidita/pscan_output/clusters/lfr_1000.sim_clusters.csv
[clustering] Total clusters: 44
[clustering] Core: 411  Hub: 0  Outlier: 352
[hub_outlier] Saved → /scratch/nidita/pscan_output/classifications/lfr_1000.sim_classification.tsv
  -> 0.07s  (speedup vs 4-CPU baseline: 1.01x)

--- lfr_1000  machines=15 (workers=15) ---
[LPSS] Filtered graph saved -> /scratch/nidita/pscan_output/filtered_adjlists/filtered_edge_lfr_1000.sim.tsv
[LPSS] LPCC input saved -> /scratch/nidita/pscan_output/parsed_input/parse_lfr_1000.sim.tsv
[clustering] Running LPCC on /scratch/nidita/pscan_output/parsed_input/parse_lfr_1000.sim.tsv ...
--- Iteration 0 ---
active change: True
--- Iteration 1 ---
active change: True
--- Iteration 2 ---
active change: True
--- Iteration 3 ---
active change: True
--- Iteration 4 ---
active change: True
--- Iteration 5 ---
active change: True
--- Iteration 6 ---
active change: True
--- Iteration 7 ---
active change: True
--- Iteration 8 ---
active change: False
finish lpcc
[clustering] Clusters saved -> /scratch/nidita/pscan_output/clusters/lfr_1000.sim_clusters.csv
[clustering] Total clusters: 44
[clustering] Core: 411  Hub: 0  Outlier: 352
[hub_outlier] Saved → /scratch/nidita/pscan_output/classifications/lfr_1000.sim_classification.tsv
  -> 0.08s  (speedup vs 4-CPU baseline: 0.93x)

--- lfr_2000  machines=4 (workers=4) ---
[LPSS] Filtered graph saved -> /scratch/nidita/pscan_output/filtered_adjlists/filtered_edge_lfr_2000.sim.tsv
[LPSS] LPCC input saved -> /scratch/nidita/pscan_output/parsed_input/parse_lfr_2000.sim.tsv
[clustering] Running LPCC on /scratch/nidita/pscan_output/parsed_input/parse_lfr_2000.sim.tsv ...
--- Iteration 0 ---
active change: True
--- Iteration 1 ---
active change: True
--- Iteration 2 ---
active change: True
--- Iteration 3 ---
active change: True
--- Iteration 4 ---
active change: True
--- Iteration 5 ---
active change: True
--- Iteration 6 ---
active change: True
--- Iteration 7 ---
active change: False
finish lpcc
[clustering] Clusters saved -> /scratch/nidita/pscan_output/clusters/lfr_2000.sim_clusters.csv
[clustering] Total clusters: 77
[clustering] Core: 1,143  Hub: 0  Outlier: 599
[hub_outlier] Saved → /scratch/nidita/pscan_output/classifications/lfr_2000.sim_classification.tsv
  -> 0.13s  (speedup vs 4-CPU baseline: 1.00x)

--- lfr_2000  machines=8 (workers=8) ---
[LPSS] Filtered graph saved -> /scratch/nidita/pscan_output/filtered_adjlists/filtered_edge_lfr_2000.sim.tsv
[LPSS] LPCC input saved -> /scratch/nidita/pscan_output/parsed_input/parse_lfr_2000.sim.tsv
[clustering] Running LPCC on /scratch/nidita/pscan_output/parsed_input/parse_lfr_2000.sim.tsv ...
--- Iteration 0 ---
active change: True
--- Iteration 1 ---
active change: True
--- Iteration 2 ---
active change: True
--- Iteration 3 ---
active change: True
--- Iteration 4 ---
active change: True
--- Iteration 5 ---
active change: True
--- Iteration 6 ---
active change: True
--- Iteration 7 ---
active change: False
finish lpcc
[clustering] Clusters saved -> /scratch/nidita/pscan_output/clusters/lfr_2000.sim_clusters.csv
[clustering] Total clusters: 77
[clustering] Core: 1,143  Hub: 0  Outlier: 599
[hub_outlier] Saved → /scratch/nidita/pscan_output/classifications/lfr_2000.sim_classification.tsv
  -> 0.14s  (speedup vs 4-CPU baseline: 0.98x)

--- lfr_2000  machines=15 (workers=15) ---
[LPSS] Filtered graph saved -> /scratch/nidita/pscan_output/filtered_adjlists/filtered_edge_lfr_2000.sim.tsv
[LPSS] LPCC input saved -> /scratch/nidita/pscan_output/parsed_input/parse_lfr_2000.sim.tsv
[clustering] Running LPCC on /scratch/nidita/pscan_output/parsed_input/parse_lfr_2000.sim.tsv ...
--- Iteration 0 ---
active change: True
--- Iteration 1 ---
active change: True
--- Iteration 2 ---
active change: True
--- Iteration 3 ---
active change: True
--- Iteration 4 ---
active change: True
--- Iteration 5 ---
active change: True
--- Iteration 6 ---
active change: True
--- Iteration 7 ---
active change: False
finish lpcc
[clustering] Clusters saved -> /scratch/nidita/pscan_output/clusters/lfr_2000.sim_clusters.csv
[clustering] Total clusters: 77
[clustering] Core: 1,143  Hub: 0  Outlier: 599
[hub_outlier] Saved → /scratch/nidita/pscan_output/classifications/lfr_2000.sim_classification.tsv
  -> 0.13s  (speedup vs 4-CPU baseline: 1.00x)

--- lfr_5000  machines=4 (workers=4) ---
[LPSS] Filtered graph saved -> /scratch/nidita/pscan_output/filtered_adjlists/filtered_edge_lfr_5000.sim.tsv
[LPSS] LPCC input saved -> /scratch/nidita/pscan_output/parsed_input/parse_lfr_5000.sim.tsv
[clustering] Running LPCC on /scratch/nidita/pscan_output/parsed_input/parse_lfr_5000.sim.tsv ...
--- Iteration 0 ---
active change: True
--- Iteration 1 ---
active change: True
--- Iteration 2 ---
active change: True
--- Iteration 3 ---
active change: True
--- Iteration 4 ---
active change: True
--- Iteration 5 ---
active change: True
--- Iteration 6 ---
active change: True
--- Iteration 7 ---
active change: True
--- Iteration 8 ---
active change: True
--- Iteration 9 ---
active change: False
finish lpcc
[clustering] Clusters saved -> /scratch/nidita/pscan_output/clusters/lfr_5000.sim_clusters.csv
[clustering] Total clusters: 195
[clustering] Core: 2,307  Hub: 0  Outlier: 1,765
[hub_outlier] Saved → /scratch/nidita/pscan_output/classifications/lfr_5000.sim_classification.tsv
  -> 0.33s  (speedup vs 4-CPU baseline: 1.00x)

--- lfr_5000  machines=8 (workers=8) ---
[LPSS] Filtered graph saved -> /scratch/nidita/pscan_output/filtered_adjlists/filtered_edge_lfr_5000.sim.tsv
[LPSS] LPCC input saved -> /scratch/nidita/pscan_output/parsed_input/parse_lfr_5000.sim.tsv
[clustering] Running LPCC on /scratch/nidita/pscan_output/parsed_input/parse_lfr_5000.sim.tsv ...
--- Iteration 0 ---
active change: True
--- Iteration 1 ---
active change: True
--- Iteration 2 ---
active change: True
--- Iteration 3 ---
active change: True
--- Iteration 4 ---
active change: True
--- Iteration 5 ---
active change: True
--- Iteration 6 ---
active change: True
--- Iteration 7 ---
active change: True
--- Iteration 8 ---
active change: True
--- Iteration 9 ---
active change: False
finish lpcc
[clustering] Clusters saved -> /scratch/nidita/pscan_output/clusters/lfr_5000.sim_clusters.csv
[clustering] Total clusters: 195
[clustering] Core: 2,307  Hub: 0  Outlier: 1,765
[hub_outlier] Saved → /scratch/nidita/pscan_output/classifications/lfr_5000.sim_classification.tsv
  -> 0.34s  (speedup vs 4-CPU baseline: 0.99x)

--- lfr_5000  machines=15 (workers=15) ---
[LPSS] Filtered graph saved -> /scratch/nidita/pscan_output/filtered_adjlists/filtered_edge_lfr_5000.sim.tsv
[LPSS] LPCC input saved -> /scratch/nidita/pscan_output/parsed_input/parse_lfr_5000.sim.tsv
[clustering] Running LPCC on /scratch/nidita/pscan_output/parsed_input/parse_lfr_5000.sim.tsv ...
--- Iteration 0 ---
active change: True
--- Iteration 1 ---
active change: True
--- Iteration 2 ---
active change: True
--- Iteration 3 ---
active change: True
--- Iteration 4 ---
active change: True
--- Iteration 5 ---
active change: True
--- Iteration 6 ---
active change: True
--- Iteration 7 ---
active change: True
--- Iteration 8 ---
active change: True
--- Iteration 9 ---
active change: False
finish lpcc
[clustering] Clusters saved -> /scratch/nidita/pscan_output/clusters/lfr_5000.sim_clusters.csv
[clustering] Total clusters: 195
[clustering] Core: 2,307  Hub: 0  Outlier: 1,765
[hub_outlier] Saved → /scratch/nidita/pscan_output/classifications/lfr_5000.sim_classification.tsv
  -> 0.34s  (speedup vs 4-CPU baseline: 0.99x)

--- lfr_10000  machines=4 (workers=4) ---
[LPSS] Filtered graph saved -> /scratch/nidita/pscan_output/filtered_adjlists/filtered_edge_lfr_10000.sim.tsv
[LPSS] LPCC input saved -> /scratch/nidita/pscan_output/parsed_input/parse_lfr_10000.sim.tsv
[clustering] Running LPCC on /scratch/nidita/pscan_output/parsed_input/parse_lfr_10000.sim.tsv ...
--- Iteration 0 ---
active change: True
--- Iteration 1 ---
active change: True
--- Iteration 2 ---
active change: True
--- Iteration 3 ---
active change: True
--- Iteration 4 ---
active change: True
--- Iteration 5 ---
active change: True
--- Iteration 6 ---
active change: True
--- Iteration 7 ---
active change: True
--- Iteration 8 ---
active change: True
--- Iteration 9 ---
active change: True
--- Iteration 10 ---
active change: False
finish lpcc
[clustering] Clusters saved -> /scratch/nidita/pscan_output/clusters/lfr_10000.sim_clusters.csv
[clustering] Total clusters: 347
[clustering] Core: 5,121  Hub: 0  Outlier: 3,443
[hub_outlier] Saved → /scratch/nidita/pscan_output/classifications/lfr_10000.sim_classification.tsv
  -> 0.73s  (speedup vs 4-CPU baseline: 1.00x)

--- lfr_10000  machines=8 (workers=8) ---
[LPSS] Filtered graph saved -> /scratch/nidita/pscan_output/filtered_adjlists/filtered_edge_lfr_10000.sim.tsv
[LPSS] LPCC input saved -> /scratch/nidita/pscan_output/parsed_input/parse_lfr_10000.sim.tsv
[clustering] Running LPCC on /scratch/nidita/pscan_output/parsed_input/parse_lfr_10000.sim.tsv ...
--- Iteration 0 ---
active change: True
--- Iteration 1 ---
active change: True
--- Iteration 2 ---
active change: True
--- Iteration 3 ---
active change: True
--- Iteration 4 ---
active change: True
--- Iteration 5 ---
active change: True
--- Iteration 6 ---
active change: True
--- Iteration 7 ---
active change: True
--- Iteration 8 ---
active change: True
--- Iteration 9 ---
active change: True
--- Iteration 10 ---
active change: False
finish lpcc
[clustering] Clusters saved -> /scratch/nidita/pscan_output/clusters/lfr_10000.sim_clusters.csv
[clustering] Total clusters: 347
[clustering] Core: 5,121  Hub: 0  Outlier: 3,443
[hub_outlier] Saved → /scratch/nidita/pscan_output/classifications/lfr_10000.sim_classification.tsv
  -> 0.72s  (speedup vs 4-CPU baseline: 1.02x)

--- lfr_10000  machines=15 (workers=15) ---
[LPSS] Filtered graph saved -> /scratch/nidita/pscan_output/filtered_adjlists/filtered_edge_lfr_10000.sim.tsv
[LPSS] LPCC input saved -> /scratch/nidita/pscan_output/parsed_input/parse_lfr_10000.sim.tsv
[clustering] Running LPCC on /scratch/nidita/pscan_output/parsed_input/parse_lfr_10000.sim.tsv ...
--- Iteration 0 ---
active change: True
--- Iteration 1 ---
active change: True
--- Iteration 2 ---
active change: True
--- Iteration 3 ---
active change: True
--- Iteration 4 ---
active change: True
--- Iteration 5 ---
active change: True
--- Iteration 6 ---
active change: True
--- Iteration 7 ---
active change: True
--- Iteration 8 ---
active change: True
--- Iteration 9 ---
active change: True
--- Iteration 10 ---
active change: False
finish lpcc
[clustering] Clusters saved -> /scratch/nidita/pscan_output/clusters/lfr_10000.sim_clusters.csv
[clustering] Total clusters: 347
[clustering] Core: 5,121  Hub: 0  Outlier: 3,443
[hub_outlier] Saved → /scratch/nidita/pscan_output/classifications/lfr_10000.sim_classification.tsv
  -> 0.72s  (speedup vs 4-CPU baseline: 1.02x)

--- lfr_20000  machines=4 (workers=4) ---
[LPSS] Filtered graph saved -> /scratch/nidita/pscan_output/filtered_adjlists/filtered_edge_lfr_20000.sim.tsv
[LPSS] LPCC input saved -> /scratch/nidita/pscan_output/parsed_input/parse_lfr_20000.sim.tsv
[clustering] Running LPCC on /scratch/nidita/pscan_output/parsed_input/parse_lfr_20000.sim.tsv ...
--- Iteration 0 ---
active change: True
--- Iteration 1 ---
active change: True
--- Iteration 2 ---
active change: True
--- Iteration 3 ---
active change: True
--- Iteration 4 ---
active change: True
--- Iteration 5 ---
active change: True
--- Iteration 6 ---
active change: True
--- Iteration 7 ---
active change: True
--- Iteration 8 ---
active change: True
--- Iteration 9 ---
active change: True
--- Iteration 10 ---
active change: False
finish lpcc
[clustering] Clusters saved -> /scratch/nidita/pscan_output/clusters/lfr_20000.sim_clusters.csv
[clustering] Total clusters: 835
[clustering] Core: 9,514  Hub: 0  Outlier: 6,975
[hub_outlier] Saved → /scratch/nidita/pscan_output/classifications/lfr_20000.sim_classification.tsv
  -> 1.57s  (speedup vs 4-CPU baseline: 1.00x)

--- lfr_20000  machines=8 (workers=8) ---
[LPSS] Filtered graph saved -> /scratch/nidita/pscan_output/filtered_adjlists/filtered_edge_lfr_20000.sim.tsv
[LPSS] LPCC input saved -> /scratch/nidita/pscan_output/parsed_input/parse_lfr_20000.sim.tsv
[clustering] Running LPCC on /scratch/nidita/pscan_output/parsed_input/parse_lfr_20000.sim.tsv ...
--- Iteration 0 ---
active change: True
--- Iteration 1 ---
active change: True
--- Iteration 2 ---
active change: True
--- Iteration 3 ---
active change: True
--- Iteration 4 ---
active change: True
--- Iteration 5 ---
active change: True
--- Iteration 6 ---
active change: True
--- Iteration 7 ---
active change: True
--- Iteration 8 ---
active change: True
--- Iteration 9 ---
active change: True
--- Iteration 10 ---
active change: False
finish lpcc
[clustering] Clusters saved -> /scratch/nidita/pscan_output/clusters/lfr_20000.sim_clusters.csv
[clustering] Total clusters: 835
[clustering] Core: 9,514  Hub: 0  Outlier: 6,975
[hub_outlier] Saved → /scratch/nidita/pscan_output/classifications/lfr_20000.sim_classification.tsv
  -> 1.64s  (speedup vs 4-CPU baseline: 0.96x)

--- lfr_20000  machines=15 (workers=15) ---
[LPSS] Filtered graph saved -> /scratch/nidita/pscan_output/filtered_adjlists/filtered_edge_lfr_20000.sim.tsv
[LPSS] LPCC input saved -> /scratch/nidita/pscan_output/parsed_input/parse_lfr_20000.sim.tsv
[clustering] Running LPCC on /scratch/nidita/pscan_output/parsed_input/parse_lfr_20000.sim.tsv ...
--- Iteration 0 ---
active change: True
--- Iteration 1 ---
active change: True
--- Iteration 2 ---
active change: True
--- Iteration 3 ---
active change: True
--- Iteration 4 ---
active change: True
--- Iteration 5 ---
active change: True
--- Iteration 6 ---
active change: True
--- Iteration 7 ---
active change: True
--- Iteration 8 ---
active change: True
--- Iteration 9 ---
active change: True
--- Iteration 10 ---
active change: False
finish lpcc
[clustering] Clusters saved -> /scratch/nidita/pscan_output/clusters/lfr_20000.sim_clusters.csv
[clustering] Total clusters: 835
[clustering] Core: 9,514  Hub: 0  Outlier: 6,975
[hub_outlier] Saved → /scratch/nidita/pscan_output/classifications/lfr_20000.sim_classification.tsv
  -> 1.64s  (speedup vs 4-CPU baseline: 0.96x)

--- lfr_40000  machines=4 (workers=4) ---
[LPSS] Filtered graph saved -> /scratch/nidita/pscan_output/filtered_adjlists/filtered_edge_lfr_40000.sim.tsv
[LPSS] LPCC input saved -> /scratch/nidita/pscan_output/parsed_input/parse_lfr_40000.sim.tsv
[clustering] Running LPCC on /scratch/nidita/pscan_output/parsed_input/parse_lfr_40000.sim.tsv ...
--- Iteration 0 ---
active change: True
--- Iteration 1 ---
active change: True
--- Iteration 2 ---
active change: True
--- Iteration 3 ---
active change: True
--- Iteration 4 ---
active change: True
--- Iteration 5 ---
active change: True
--- Iteration 6 ---
active change: True
--- Iteration 7 ---
active change: True
--- Iteration 8 ---
active change: True
--- Iteration 9 ---
active change: True
--- Iteration 10 ---
active change: True
--- Iteration 11 ---
active change: True
--- Iteration 12 ---
active change: True
--- Iteration 13 ---
active change: False
finish lpcc
[clustering] Clusters saved -> /scratch/nidita/pscan_output/clusters/lfr_40000.sim_clusters.csv
[clustering] Total clusters: 1520
[clustering] Core: 20,128  Hub: 0  Outlier: 13,326
[hub_outlier] Saved → /scratch/nidita/pscan_output/classifications/lfr_40000.sim_classification.tsv
  -> 3.83s  (speedup vs 4-CPU baseline: 1.00x)

--- lfr_40000  machines=8 (workers=8) ---
[LPSS] Filtered graph saved -> /scratch/nidita/pscan_output/filtered_adjlists/filtered_edge_lfr_40000.sim.tsv
[LPSS] LPCC input saved -> /scratch/nidita/pscan_output/parsed_input/parse_lfr_40000.sim.tsv
[clustering] Running LPCC on /scratch/nidita/pscan_output/parsed_input/parse_lfr_40000.sim.tsv ...
--- Iteration 0 ---
active change: True
--- Iteration 1 ---
active change: True
--- Iteration 2 ---
active change: True
--- Iteration 3 ---
active change: True
--- Iteration 4 ---
active change: True
--- Iteration 5 ---
active change: True
--- Iteration 6 ---
active change: True
--- Iteration 7 ---
active change: True
--- Iteration 8 ---
active change: True
--- Iteration 9 ---
active change: True
--- Iteration 10 ---
active change: True
--- Iteration 11 ---
active change: True
--- Iteration 12 ---
active change: True
--- Iteration 13 ---
active change: False
finish lpcc
[clustering] Clusters saved -> /scratch/nidita/pscan_output/clusters/lfr_40000.sim_clusters.csv
[clustering] Total clusters: 1520
[clustering] Core: 20,128  Hub: 0  Outlier: 13,326
[hub_outlier] Saved → /scratch/nidita/pscan_output/classifications/lfr_40000.sim_classification.tsv
  -> 3.65s  (speedup vs 4-CPU baseline: 1.05x)

--- lfr_40000  machines=15 (workers=15) ---
[LPSS] Filtered graph saved -> /scratch/nidita/pscan_output/filtered_adjlists/filtered_edge_lfr_40000.sim.tsv
[LPSS] LPCC input saved -> /scratch/nidita/pscan_output/parsed_input/parse_lfr_40000.sim.tsv
[clustering] Running LPCC on /scratch/nidita/pscan_output/parsed_input/parse_lfr_40000.sim.tsv ...
--- Iteration 0 ---
active change: True
--- Iteration 1 ---
active change: True
--- Iteration 2 ---
active change: True
--- Iteration 3 ---
active change: True
--- Iteration 4 ---
active change: True
--- Iteration 5 ---
active change: True
--- Iteration 6 ---
active change: True
--- Iteration 7 ---
active change: True
--- Iteration 8 ---
active change: True
--- Iteration 9 ---
active change: True
--- Iteration 10 ---
active change: True
--- Iteration 11 ---
active change: True
--- Iteration 12 ---
active change: True
--- Iteration 13 ---
active change: False
finish lpcc
[clustering] Clusters saved -> /scratch/nidita/pscan_output/clusters/lfr_40000.sim_clusters.csv
[clustering] Total clusters: 1520
[clustering] Core: 20,128  Hub: 0  Outlier: 13,326
[hub_outlier] Saved → /scratch/nidita/pscan_output/classifications/lfr_40000.sim_classification.tsv
  -> 3.68s  (speedup vs 4-CPU baseline: 1.04x)

--- lfr_80000  machines=4 (workers=4) ---
[LPSS] Filtered graph saved -> /scratch/nidita/pscan_output/filtered_adjlists/filtered_edge_lfr_80000.sim.tsv
[LPSS] LPCC input saved -> /scratch/nidita/pscan_output/parsed_input/parse_lfr_80000.sim.tsv
[clustering] Running LPCC on /scratch/nidita/pscan_output/parsed_input/parse_lfr_80000.sim.tsv ...
--- Iteration 0 ---
active change: True
--- Iteration 1 ---
active change: True
--- Iteration 2 ---
active change: True
--- Iteration 3 ---
active change: True
--- Iteration 4 ---
active change: True
--- Iteration 5 ---
active change: True
--- Iteration 6 ---
active change: True
--- Iteration 7 ---
active change: True
--- Iteration 8 ---
active change: True
--- Iteration 9 ---
active change: True
--- Iteration 10 ---
active change: True
--- Iteration 11 ---
active change: True
--- Iteration 12 ---
active change: True
--- Iteration 13 ---
active change: True
--- Iteration 14 ---
active change: True
--- Iteration 15 ---
active change: False
finish lpcc
[clustering] Clusters saved -> /scratch/nidita/pscan_output/clusters/lfr_80000.sim_clusters.csv
[clustering] Total clusters: 3272
[clustering] Core: 38,128  Hub: 0  Outlier: 27,723
[hub_outlier] Saved → /scratch/nidita/pscan_output/classifications/lfr_80000.sim_classification.tsv
  -> 8.62s  (speedup vs 4-CPU baseline: 1.00x)

--- lfr_80000  machines=8 (workers=8) ---
[LPSS] Filtered graph saved -> /scratch/nidita/pscan_output/filtered_adjlists/filtered_edge_lfr_80000.sim.tsv
[LPSS] LPCC input saved -> /scratch/nidita/pscan_output/parsed_input/parse_lfr_80000.sim.tsv
[clustering] Running LPCC on /scratch/nidita/pscan_output/parsed_input/parse_lfr_80000.sim.tsv ...
--- Iteration 0 ---
active change: True
--- Iteration 1 ---
active change: True
--- Iteration 2 ---
active change: True
--- Iteration 3 ---
active change: True
--- Iteration 4 ---
active change: True
--- Iteration 5 ---
active change: True
--- Iteration 6 ---
active change: True
--- Iteration 7 ---
active change: True
--- Iteration 8 ---
active change: True
--- Iteration 9 ---
active change: True
--- Iteration 10 ---
active change: True
--- Iteration 11 ---
active change: True
--- Iteration 12 ---
active change: True
--- Iteration 13 ---
active change: True
--- Iteration 14 ---
active change: True
--- Iteration 15 ---
active change: False
finish lpcc
[clustering] Clusters saved -> /scratch/nidita/pscan_output/clusters/lfr_80000.sim_clusters.csv
[clustering] Total clusters: 3272
[clustering] Core: 38,128  Hub: 0  Outlier: 27,723
[hub_outlier] Saved → /scratch/nidita/pscan_output/classifications/lfr_80000.sim_classification.tsv
  -> 8.87s  (speedup vs 4-CPU baseline: 0.97x)

--- lfr_80000  machines=15 (workers=15) ---
[LPSS] Filtered graph saved -> /scratch/nidita/pscan_output/filtered_adjlists/filtered_edge_lfr_80000.sim.tsv
[LPSS] LPCC input saved -> /scratch/nidita/pscan_output/parsed_input/parse_lfr_80000.sim.tsv
[clustering] Running LPCC on /scratch/nidita/pscan_output/parsed_input/parse_lfr_80000.sim.tsv ...
--- Iteration 0 ---
active change: True
--- Iteration 1 ---
active change: True
--- Iteration 2 ---
active change: True
--- Iteration 3 ---
active change: True
--- Iteration 4 ---
active change: True
--- Iteration 5 ---
active change: True
--- Iteration 6 ---
active change: True
--- Iteration 7 ---
active change: True
--- Iteration 8 ---
active change: True
--- Iteration 9 ---
active change: True
--- Iteration 10 ---
active change: True
--- Iteration 11 ---
active change: True
--- Iteration 12 ---
active change: True
--- Iteration 13 ---
active change: True
--- Iteration 14 ---
active change: True
--- Iteration 15 ---
active change: False
finish lpcc
[clustering] Clusters saved -> /scratch/nidita/pscan_output/clusters/lfr_80000.sim_clusters.csv
[clustering] Total clusters: 3272
[clustering] Core: 38,128  Hub: 0  Outlier: 27,723
[hub_outlier] Saved → /scratch/nidita/pscan_output/classifications/lfr_80000.sim_classification.tsv
  -> 8.85s  (speedup vs 4-CPU baseline: 0.97x)

--- lfr_160000  machines=4 (workers=4) ---
[LPSS] Filtered graph saved -> /scratch/nidita/pscan_output/filtered_adjlists/filtered_edge_lfr_160000.sim.tsv
[LPSS] LPCC input saved -> /scratch/nidita/pscan_output/parsed_input/parse_lfr_160000.sim.tsv
[clustering] Running LPCC on /scratch/nidita/pscan_output/parsed_input/parse_lfr_160000.sim.tsv ...
--- Iteration 0 ---
active change: True
--- Iteration 1 ---
active change: True
--- Iteration 2 ---
active change: True
--- Iteration 3 ---
active change: True
--- Iteration 4 ---
active change: True
--- Iteration 5 ---
active change: True
--- Iteration 6 ---
active change: True
--- Iteration 7 ---
active change: True
--- Iteration 8 ---
active change: True
--- Iteration 9 ---
active change: True
--- Iteration 10 ---
active change: True
--- Iteration 11 ---
active change: True
--- Iteration 12 ---
active change: False
finish lpcc
[clustering] Clusters saved -> /scratch/nidita/pscan_output/clusters/lfr_160000.sim_clusters.csv
[clustering] Total clusters: 6262
[clustering] Core: 79,538  Hub: 0  Outlier: 53,998
[hub_outlier] Saved → /scratch/nidita/pscan_output/classifications/lfr_160000.sim_classification.tsv
  -> 20.10s  (speedup vs 4-CPU baseline: 1.00x)

--- lfr_160000  machines=8 (workers=8) ---
[LPSS] Filtered graph saved -> /scratch/nidita/pscan_output/filtered_adjlists/filtered_edge_lfr_160000.sim.tsv
[LPSS] LPCC input saved -> /scratch/nidita/pscan_output/parsed_input/parse_lfr_160000.sim.tsv
[clustering] Running LPCC on /scratch/nidita/pscan_output/parsed_input/parse_lfr_160000.sim.tsv ...
--- Iteration 0 ---
active change: True
--- Iteration 1 ---
active change: True
--- Iteration 2 ---
active change: True
--- Iteration 3 ---
active change: True
--- Iteration 4 ---
active change: True
--- Iteration 5 ---
active change: True
--- Iteration 6 ---
active change: True
--- Iteration 7 ---
active change: True
--- Iteration 8 ---
active change: True
--- Iteration 9 ---
active change: True
--- Iteration 10 ---
active change: True
--- Iteration 11 ---
active change: True
--- Iteration 12 ---
active change: False
finish lpcc
[clustering] Clusters saved -> /scratch/nidita/pscan_output/clusters/lfr_160000.sim_clusters.csv
[clustering] Total clusters: 6262
[clustering] Core: 79,538  Hub: 0  Outlier: 53,998
[hub_outlier] Saved → /scratch/nidita/pscan_output/classifications/lfr_160000.sim_classification.tsv
  -> 20.39s  (speedup vs 4-CPU baseline: 0.99x)

--- lfr_160000  machines=15 (workers=15) ---
[LPSS] Filtered graph saved -> /scratch/nidita/pscan_output/filtered_adjlists/filtered_edge_lfr_160000.sim.tsv
[LPSS] LPCC input saved -> /scratch/nidita/pscan_output/parsed_input/parse_lfr_160000.sim.tsv
[clustering] Running LPCC on /scratch/nidita/pscan_output/parsed_input/parse_lfr_160000.sim.tsv ...
--- Iteration 0 ---
active change: True
--- Iteration 1 ---
active change: True
--- Iteration 2 ---
active change: True
--- Iteration 3 ---
active change: True
--- Iteration 4 ---
active change: True
--- Iteration 5 ---
active change: True
--- Iteration 6 ---
active change: True
--- Iteration 7 ---
active change: True
--- Iteration 8 ---
active change: True
--- Iteration 9 ---
active change: True
--- Iteration 10 ---
active change: True
--- Iteration 11 ---
active change: True
--- Iteration 12 ---
active change: False
finish lpcc
[clustering] Clusters saved -> /scratch/nidita/pscan_output/clusters/lfr_160000.sim_clusters.csv
[clustering] Total clusters: 6262
[clustering] Core: 79,538  Hub: 0  Outlier: 53,998
[hub_outlier] Saved → /scratch/nidita/pscan_output/classifications/lfr_160000.sim_classification.tsv
  -> 20.00s  (speedup vs 4-CPU baseline: 1.00x)

[runtime_lfr] Results -> /scratch/nidita/pscan_output/results_runtime_lfr.csv
Exit code: 0
LFR runtime experiment finished: Sun 29 Mar 2026 06:04:43 PM EDT
No results_runtime_lfr.csv to copy
==========================================

scontrol show job 1251174
JobId=1251174 JobName=pscan_runtime_lfr
   UserId=nidita(3152085) GroupId=nidita(3152085) MCS_label=N/A
   Priority=1832698 Nice=0 Account=def-a2nyi4 QOS=normal
   JobState=COMPLETING Reason=None Dependency=(null)
   Requeue=0 Restarts=0 BatchFlag=1 Reboot=0 ExitCode=0:0
   RunTime=00:01:49 TimeLimit=08:00:00 TimeMin=N/A
   SubmitTime=2026-03-29T18:00:27 EligibleTime=2026-03-29T18:00:27
   AccrueTime=2026-03-29T18:00:27
   StartTime=2026-03-29T18:02:54 EndTime=2026-03-29T18:04:43 Deadline=N/A
   SuspendTime=None SecsPreSuspend=0 LastSchedEval=2026-03-29T18:02:54 Scheduler=Main
   Partition=compute AllocNode:Sid=tri-login04:3058762
   ReqNodeList=(null) ExcNodeList=(null)
   NodeList=tri0879
   BatchHost=tri0879
   NumNodes=1 NumCPUs=192 NumTasks=1 CPUs/Task=16 ReqB:S:C:T=0:0:*:*
   ReqTRES=cpu=16,mem=767000M,node=1,billing=16
   AllocTRES=cpu=192,mem=767000M,node=1,billing=192
   Socks/Node=* NtasksPerN:B:S:C=0:0:*:* CoreSpec=*
   MinCPUsNode=16 MinMemoryNode=767000M MinTmpDiskNode=0
   Features=(null) DelayBoot=00:00:00
   OverSubscribe=NO Contiguous=0 Licenses=(null) LicensesAlloc=(null) Network=(null)
   Command=/project/def-a2nyi4/nidita/pscan/working/run/run_runtime_lfr.sh
   SubmitLine=SBATCH --comment /opt/slurm/bin/sbatch --export=NONE --get-user-env run/run_runtime_lfr.sh --export=NONE --get-user-env run/run_runtime_lfr.sh
   WorkDir=/project/def-a2nyi4/nidita/pscan/working
   Comment=/opt/slurm/bin/sbatch --export=NONE --get-user-env run/run_runtime_lfr.sh
   StdErr=/scratch/nidita/logs/pscan_runtime_lfr_1251174.err
   StdIn=/dev/null
   StdOut=/scratch/nidita/logs/pscan_runtime_lfr_1251174.out
   TresPerTask=cpu=16
   MailUser=niditaroy@uvic.ca MailType=BEGIN,END,FAIL

sacct -j 1251174
JobID           JobName    Account    Elapsed  MaxVMSize     MaxRSS  SystemCPU    UserCPU ExitCode 
------------ ---------- ---------- ---------- ---------- ---------- ---------- ---------- -------- 
1251174      pscan_run+ def-a2nyi4   00:01:50                         00:00:00   00:00:00      0:0 
1251174.bat+      batch def-a2nyi4   00:01:50                         00:00:00   00:00:00      0:0 
1251174.ext+     extern def-a2nyi4   00:01:50                         00:00:00   00:00:00      0:0 

