The following modules were not unloaded:
  (Use "module --force purge" to unload all):

  1) gentoo/2023
[similarity] Loading /scratch/nidita/pscan_output/adjlists/lfr_500.adjlist ...
[similarity]   Nodes: 500  Edges: 4,379  (load: 0.002s)
[similarity] Running mapper + reducer ...
[similarity]   4,379 similarities in 0.017s
[similarity] Writing → /scratch/nidita/pscan_output/adjlists/lfr_500.sim.tsv ...
[similarity]   Write done in 0.006s
[similarity] Loading /scratch/nidita/pscan_output/adjlists/lfr_500.adjlist ...
[similarity]   Nodes: 500  Edges: 4,379  (load: 0.001s)
[similarity] Running mapper + reducer ...
[similarity]   4,379 similarities in 0.016s
[similarity] Writing → /scratch/nidita/pscan_output/adjlists/lfr_500.sim.tsv ...
[similarity]   Write done in 0.005s
[similarity] Loading /scratch/nidita/pscan_output/adjlists/lfr_500.adjlist ...
[similarity]   Nodes: 500  Edges: 4,379  (load: 0.001s)
[similarity] Running mapper + reducer ...
[similarity]   4,379 similarities in 0.016s
[similarity] Writing → /scratch/nidita/pscan_output/adjlists/lfr_500.sim.tsv ...
[similarity]   Write done in 0.005s
[similarity] Loading /scratch/nidita/pscan_output/adjlists/lfr_1000.adjlist ...
[similarity]   Nodes: 1,000  Edges: 8,541  (load: 0.003s)
[similarity] Running mapper + reducer ...
[similarity]   8,541 similarities in 0.034s
[similarity] Writing → /scratch/nidita/pscan_output/adjlists/lfr_1000.sim.tsv ...
[similarity]   Write done in 0.008s
[similarity] Loading /scratch/nidita/pscan_output/adjlists/lfr_1000.adjlist ...
[similarity]   Nodes: 1,000  Edges: 8,541  (load: 0.004s)
[similarity] Running mapper + reducer ...
[similarity]   8,541 similarities in 0.033s
[similarity] Writing → /scratch/nidita/pscan_output/adjlists/lfr_1000.sim.tsv ...
[similarity]   Write done in 0.007s
[similarity] Loading /scratch/nidita/pscan_output/adjlists/lfr_1000.adjlist ...
[similarity]   Nodes: 1,000  Edges: 8,541  (load: 0.003s)
[similarity] Running mapper + reducer ...
[similarity]   8,541 similarities in 0.037s
[similarity] Writing → /scratch/nidita/pscan_output/adjlists/lfr_1000.sim.tsv ...
[similarity]   Write done in 0.007s
[similarity] Loading /scratch/nidita/pscan_output/adjlists/lfr_2000.adjlist ...
[similarity]   Nodes: 2,000  Edges: 16,616  (load: 0.005s)
[similarity] Running mapper + reducer ...
[similarity]   16,616 similarities in 0.071s
[similarity] Writing → /scratch/nidita/pscan_output/adjlists/lfr_2000.sim.tsv ...
[similarity]   Write done in 0.012s
[similarity] Loading /scratch/nidita/pscan_output/adjlists/lfr_2000.adjlist ...
[similarity]   Nodes: 2,000  Edges: 16,616  (load: 0.005s)
[similarity] Running mapper + reducer ...
[similarity]   16,616 similarities in 0.067s
[similarity] Writing → /scratch/nidita/pscan_output/adjlists/lfr_2000.sim.tsv ...
[similarity]   Write done in 0.018s
[similarity] Loading /scratch/nidita/pscan_output/adjlists/lfr_2000.adjlist ...
[similarity]   Nodes: 2,000  Edges: 16,616  (load: 0.005s)
[similarity] Running mapper + reducer ...
[similarity]   16,616 similarities in 0.072s
[similarity] Writing → /scratch/nidita/pscan_output/adjlists/lfr_2000.sim.tsv ...
[similarity]   Write done in 0.011s
[similarity] Loading /scratch/nidita/pscan_output/adjlists/lfr_5000.adjlist ...
[similarity]   Nodes: 5,000  Edges: 42,378  (load: 0.015s)
[similarity] Running mapper + reducer ...
[similarity]   42,378 similarities in 0.209s
[similarity] Writing → /scratch/nidita/pscan_output/adjlists/lfr_5000.sim.tsv ...
[similarity]   Write done in 0.025s
[similarity] Loading /scratch/nidita/pscan_output/adjlists/lfr_5000.adjlist ...
[similarity]   Nodes: 5,000  Edges: 42,378  (load: 0.013s)
[similarity] Running mapper + reducer ...
[similarity]   42,378 similarities in 0.212s
[similarity] Writing → /scratch/nidita/pscan_output/adjlists/lfr_5000.sim.tsv ...
[similarity]   Write done in 0.025s
[similarity] Loading /scratch/nidita/pscan_output/adjlists/lfr_5000.adjlist ...
[similarity]   Nodes: 5,000  Edges: 42,378  (load: 0.014s)
[similarity] Running mapper + reducer ...
[similarity]   42,378 similarities in 0.210s
[similarity] Writing → /scratch/nidita/pscan_output/adjlists/lfr_5000.sim.tsv ...
[similarity]   Write done in 0.026s
[similarity] Loading /scratch/nidita/pscan_output/adjlists/lfr_10000.adjlist ...
[similarity]   Nodes: 10,000  Edges: 84,112  (load: 0.027s)
[similarity] Running mapper + reducer ...
[similarity]   84,112 similarities in 0.485s
[similarity] Writing → /scratch/nidita/pscan_output/adjlists/lfr_10000.sim.tsv ...
[similarity]   Write done in 0.051s
[similarity] Loading /scratch/nidita/pscan_output/adjlists/lfr_10000.adjlist ...
[similarity]   Nodes: 10,000  Edges: 84,112  (load: 0.033s)
[similarity] Running mapper + reducer ...
[similarity]   84,112 similarities in 0.467s
[similarity] Writing → /scratch/nidita/pscan_output/adjlists/lfr_10000.sim.tsv ...
[similarity]   Write done in 0.051s
[similarity] Loading /scratch/nidita/pscan_output/adjlists/lfr_10000.adjlist ...
[similarity]   Nodes: 10,000  Edges: 84,112  (load: 0.027s)
[similarity] Running mapper + reducer ...
[similarity]   84,112 similarities in 0.457s
[similarity] Writing → /scratch/nidita/pscan_output/adjlists/lfr_10000.sim.tsv ...
[similarity]   Write done in 0.057s
[similarity] Loading /scratch/nidita/pscan_output/adjlists/lfr_20000.adjlist ...
[similarity]   Nodes: 20,000  Edges: 167,394  (load: 0.056s)
[similarity] Running mapper + reducer ...
[similarity]   167,394 similarities in 1.071s
[similarity] Writing → /scratch/nidita/pscan_output/adjlists/lfr_20000.sim.tsv ...
[similarity]   Write done in 0.122s
[similarity] Loading /scratch/nidita/pscan_output/adjlists/lfr_20000.adjlist ...
[similarity]   Nodes: 20,000  Edges: 167,394  (load: 0.053s)
[similarity] Running mapper + reducer ...
[similarity]   167,394 similarities in 1.141s
[similarity] Writing → /scratch/nidita/pscan_output/adjlists/lfr_20000.sim.tsv ...
[similarity]   Write done in 0.116s
[similarity] Loading /scratch/nidita/pscan_output/adjlists/lfr_20000.adjlist ...
[similarity]   Nodes: 20,000  Edges: 167,394  (load: 0.055s)
[similarity] Running mapper + reducer ...
[similarity]   167,394 similarities in 1.143s
[similarity] Writing → /scratch/nidita/pscan_output/adjlists/lfr_20000.sim.tsv ...
[similarity]   Write done in 0.109s
[similarity] Loading /scratch/nidita/pscan_output/adjlists/lfr_40000.adjlist ...
[similarity]   Nodes: 40,000  Edges: 335,627  (load: 0.112s)
[similarity] Running mapper + reducer ...
[similarity]   335,627 similarities in 2.583s
[similarity] Writing → /scratch/nidita/pscan_output/adjlists/lfr_40000.sim.tsv ...
[similarity]   Write done in 0.247s
[similarity] Loading /scratch/nidita/pscan_output/adjlists/lfr_40000.adjlist ...
[similarity]   Nodes: 40,000  Edges: 335,627  (load: 0.109s)
[similarity] Running mapper + reducer ...
[similarity]   335,627 similarities in 2.415s
[similarity] Writing → /scratch/nidita/pscan_output/adjlists/lfr_40000.sim.tsv ...
[similarity]   Write done in 0.243s
[similarity] Loading /scratch/nidita/pscan_output/adjlists/lfr_40000.adjlist ...
[similarity]   Nodes: 40,000  Edges: 335,627  (load: 0.109s)
[similarity] Running mapper + reducer ...
[similarity]   335,627 similarities in 2.432s
[similarity] Writing → /scratch/nidita/pscan_output/adjlists/lfr_40000.sim.tsv ...
[similarity]   Write done in 0.241s
[similarity] Loading /scratch/nidita/pscan_output/adjlists/lfr_80000.adjlist ...
[similarity]   Nodes: 80,000  Edges: 669,463  (load: 0.254s)
[similarity] Running mapper + reducer ...
[similarity]   669,463 similarities in 5.316s
[similarity] Writing → /scratch/nidita/pscan_output/adjlists/lfr_80000.sim.tsv ...
[similarity]   Write done in 0.523s
[similarity] Loading /scratch/nidita/pscan_output/adjlists/lfr_80000.adjlist ...
[similarity]   Nodes: 80,000  Edges: 669,463  (load: 0.217s)
[similarity] Running mapper + reducer ...
[similarity]   669,463 similarities in 5.526s
[similarity] Writing → /scratch/nidita/pscan_output/adjlists/lfr_80000.sim.tsv ...
[similarity]   Write done in 0.505s
[similarity] Loading /scratch/nidita/pscan_output/adjlists/lfr_80000.adjlist ...
[similarity]   Nodes: 80,000  Edges: 669,463  (load: 0.216s)
[similarity] Running mapper + reducer ...
[similarity]   669,463 similarities in 5.429s
[similarity] Writing → /scratch/nidita/pscan_output/adjlists/lfr_80000.sim.tsv ...
[similarity]   Write done in 0.506s
[similarity] Loading /scratch/nidita/pscan_output/adjlists/lfr_160000.adjlist ...
[similarity]   Nodes: 160,000  Edges: 1,344,581  (load: 0.505s)
[similarity] Running mapper + reducer ...
[similarity]   1,344,581 similarities in 12.100s
[similarity] Writing → /scratch/nidita/pscan_output/adjlists/lfr_160000.sim.tsv ...
[similarity]   Write done in 1.045s
[similarity] Loading /scratch/nidita/pscan_output/adjlists/lfr_160000.adjlist ...
[similarity]   Nodes: 160,000  Edges: 1,344,581  (load: 0.520s)
[similarity] Running mapper + reducer ...
[similarity]   1,344,581 similarities in 12.259s
[similarity] Writing → /scratch/nidita/pscan_output/adjlists/lfr_160000.sim.tsv ...
[similarity]   Write done in 1.010s
[similarity] Loading /scratch/nidita/pscan_output/adjlists/lfr_160000.adjlist ...
[similarity]   Nodes: 160,000  Edges: 1,344,581  (load: 0.559s)
[similarity] Running mapper + reducer ...
[similarity]   1,344,581 similarities in 11.643s
[similarity] Writing → /scratch/nidita/pscan_output/adjlists/lfr_160000.sim.tsv ...
[similarity]   Write done in 1.057s
