==========================================
Job started:  Sun 29 Mar 2026 06:02:16 PM EDT
Node:         tri0091
Job ID:       1251173
==========================================
Starting Experiment 2: Runtime vs Machines...
BA sizes: 1M 2M 3M 4M
Machines: 4 8 15 (speedup relative to 4-CPU baseline)
Mu: 5
[main] PSCAN started
[main] Project root : /project/def-a2nyi4/nidita/pscan/working
[main] Output dir   : /scratch/nidita/pscan_output
[main] Mu           : 5

[Experiment 2] Runtime vs Machines
  BA sizes  : [1000000, 2000000, 3000000, 4000000]
  Machines  : [4, 8, 15]
  Mu        : 5
[main] Best epsilon from experiment 1: 0.4

--- BA n=1,000,000 ---

[main] Step 1: Dataset generation
[BA] Generating ba_1000000 ...
Wrote dataset manifest to /scratch/nidita/pscan_output/manifest.json
  Machines=4 (actual CPU workers=4)
[LPSS] Filtered graph saved -> /scratch/nidita/pscan_output/filtered_adjlists/filtered_edge_ba_1000000.sim.tsv
[LPSS] LPCC input saved -> /scratch/nidita/pscan_output/parsed_input/parse_ba_1000000.sim.tsv
[clustering] Running LPCC on /scratch/nidita/pscan_output/parsed_input/parse_ba_1000000.sim.tsv ...
--- Iteration 0 ---
active change: False
finish lpcc
[clustering] Clusters saved -> /scratch/nidita/pscan_output/clusters/ba_1000000.sim_clusters.csv
[clustering] Total clusters: 0
[clustering] Core: 0  Hub: 0  Outlier: 0
[hub_outlier] Saved → /scratch/nidita/pscan_output/classifications/ba_1000000.sim_classification.tsv
  -> 85.76s  (speedup vs 4-CPU baseline: 1.00x)
  Machines=8 (actual CPU workers=8)
[LPSS] Filtered graph saved -> /scratch/nidita/pscan_output/filtered_adjlists/filtered_edge_ba_1000000.sim.tsv
[LPSS] LPCC input saved -> /scratch/nidita/pscan_output/parsed_input/parse_ba_1000000.sim.tsv
[clustering] Running LPCC on /scratch/nidita/pscan_output/parsed_input/parse_ba_1000000.sim.tsv ...
--- Iteration 0 ---
active change: False
finish lpcc
[clustering] Clusters saved -> /scratch/nidita/pscan_output/clusters/ba_1000000.sim_clusters.csv
[clustering] Total clusters: 0
[clustering] Core: 0  Hub: 0  Outlier: 0
[hub_outlier] Saved → /scratch/nidita/pscan_output/classifications/ba_1000000.sim_classification.tsv
  -> 85.88s  (speedup vs 4-CPU baseline: 1.00x)
  Machines=15 (actual CPU workers=15)
