The following modules were not unloaded:
  (Use "module --force purge" to unload all):

  1) gentoo/2023
[similarity] Loading /scratch/nidita/pscan_output/adjlists/lfr_1000.adjlist ...
[similarity]   Nodes: 1,000  Edges: 8,541  (load: 0.003s)
[similarity] Running mapper + reducer ...
[similarity]   8,541 similarities in 0.033s
[similarity] Writing → /scratch/nidita/pscan_output/adjlists/lfr_1000.sim.tsv ...
[similarity]   Write done in 0.008s
[similarity] Loading /scratch/nidita/pscan_output/adjlists/lfr_10000.adjlist ...
[similarity]   Nodes: 10,000  Edges: 84,112  (load: 0.085s)
[similarity] Running mapper + reducer ...
[similarity]   84,112 similarities in 0.636s
[similarity] Writing → /scratch/nidita/pscan_output/adjlists/lfr_10000.sim.tsv ...
[similarity]   Write done in 0.051s
[similarity] Loading /scratch/nidita/pscan_output/adjlists/lfr_160000.adjlist ...
[similarity]   Nodes: 160,000  Edges: 1,344,581  (load: 0.595s)
[similarity] Running mapper + reducer ...
[similarity]   1,344,581 similarities in 12.998s
[similarity] Writing → /scratch/nidita/pscan_output/adjlists/lfr_160000.sim.tsv ...
[similarity]   Write done in 1.062s
[similarity] Loading /scratch/nidita/pscan_output/adjlists/lfr_2000.adjlist ...
[similarity]   Nodes: 2,000  Edges: 16,616  (load: 0.005s)
[similarity] Running mapper + reducer ...
[similarity]   16,616 similarities in 0.066s
[similarity] Writing → /scratch/nidita/pscan_output/adjlists/lfr_2000.sim.tsv ...
[similarity]   Write done in 0.012s
[similarity] Loading /scratch/nidita/pscan_output/adjlists/lfr_20000.adjlist ...
[similarity]   Nodes: 20,000  Edges: 167,394  (load: 0.054s)
[similarity] Running mapper + reducer ...
[similarity]   167,394 similarities in 0.752s
[similarity] Writing → /scratch/nidita/pscan_output/adjlists/lfr_20000.sim.tsv ...
[similarity]   Write done in 0.110s
[similarity] Loading /scratch/nidita/pscan_output/adjlists/lfr_40000.adjlist ...
[similarity]   Nodes: 40,000  Edges: 335,627  (load: 0.111s)
[similarity] Running mapper + reducer ...
[similarity]   335,627 similarities in 2.416s
[similarity] Writing → /scratch/nidita/pscan_output/adjlists/lfr_40000.sim.tsv ...
[similarity]   Write done in 0.248s
[similarity] Loading /scratch/nidita/pscan_output/adjlists/lfr_500.adjlist ...
[similarity]   Nodes: 500  Edges: 4,379  (load: 0.002s)
[similarity] Running mapper + reducer ...
[similarity]   4,379 similarities in 0.016s
[similarity] Writing → /scratch/nidita/pscan_output/adjlists/lfr_500.sim.tsv ...
[similarity]   Write done in 0.005s
[similarity] Loading /scratch/nidita/pscan_output/adjlists/lfr_5000.adjlist ...
[similarity]   Nodes: 5,000  Edges: 42,378  (load: 0.016s)
[similarity] Running mapper + reducer ...
[similarity]   42,378 similarities in 0.268s
[similarity] Writing → /scratch/nidita/pscan_output/adjlists/lfr_5000.sim.tsv ...
[similarity]   Write done in 0.024s
[similarity] Loading /scratch/nidita/pscan_output/adjlists/lfr_80000.adjlist ...
[similarity]   Nodes: 80,000  Edges: 669,463  (load: 0.304s)
[similarity] Running mapper + reducer ...
[similarity]   669,463 similarities in 5.699s
[similarity] Writing → /scratch/nidita/pscan_output/adjlists/lfr_80000.sim.tsv ...
[similarity]   Write done in 0.503s
